[2025-11-12 22:42:47,773] [app_imports.py:102 - printnlog()] {'PRICE_SOURCE': 'EOD_LOCAL', 'DIWidth_Strong_threshold': 15, 'DIWidth_Average_threshold': 10, 'ADX_Strong_threshold': 25, 'ADX_Average_threshold': 20, 'EMA_CROSS_LOOKBACK': 3, 'SMA_CROSS_LOOKBACK': 10, 'HISTORY_BARS': 600, 'tal_master_tablename': 'eod_tas_listings', 'FUNDAMENTALS_TABLENAME': 'eod_gem_listings', 'CLOSING_PRICES_FUNCTION': <function get_historic_prices_from_eod_local at 0x76ec38f381f0>, 'LAST_PRICES_DETLS_FUNCTION': <function eod_lastPriceDetails at 0x76ec3a801d80>, 'WATCHLIST_TABLENAME': 'eod_watchlist', 'tal_temp_tablename': 'eod_tas_listings_temp'}
[2025-11-12 22:42:47,920] [app_imports.py:102 - printnlog()] [Count of total Symbols : 100]
[2025-11-12 22:42:48,020] [ta_signals_mc_parallel.py:125 - ensure_output_table()] [ensure_output_table] CREATE TABLE IF NOT EXISTS executed for eod_tas_listings_temp
[2025-11-12 22:42:48,265] [ta_signals_mc_parallel.py:219 - ensure_output_table()] [ensure_output_table] Created index idx_eod_tas_listings_temp_symbol on eod_tas_listings_temp(Symbol)
[2025-11-12 22:42:48,314] [ta_signals_mc_parallel.py:219 - ensure_output_table()] [ensure_output_table] Created index idx_eod_tas_listings_temp_country on eod_tas_listings_temp(CountryName)
[2025-11-12 22:42:48,362] [ta_signals_mc_parallel.py:219 - ensure_output_table()] [ensure_output_table] Created index idx_eod_tas_listings_temp_date on eod_tas_listings_temp(Date)
[2025-11-12 22:42:48,467] [ta_signals_mc_parallel.py:125 - ensure_output_table()] [ensure_output_table] CREATE TABLE IF NOT EXISTS executed for eod_tas_listings
[2025-11-12 22:42:48,722] [ta_signals_mc_parallel.py:219 - ensure_output_table()] [ensure_output_table] Created index idx_eod_tas_listings_symbol on eod_tas_listings(Symbol)
[2025-11-12 22:42:48,766] [ta_signals_mc_parallel.py:219 - ensure_output_table()] [ensure_output_table] Created index idx_eod_tas_listings_country on eod_tas_listings(CountryName)
[2025-11-12 22:42:48,810] [ta_signals_mc_parallel.py:219 - ensure_output_table()] [ensure_output_table] Created index idx_eod_tas_listings_date on eod_tas_listings(Date)
[2025-11-12 22:42:48,814] [ta_signals_mc_parallel.py:981 - main()] [Ensured tables eod_tas_listings_temp and eod_tas_listings exist with canonical schema]
[2025-11-12 22:42:48,814] [app_imports.py:102 - printnlog()] [Deleting outdated records from temporary table]
[2025-11-12 22:42:48,883] [ta_signals_mc_parallel.py:997 - main()] [Delete operation completed successfully]
[2025-11-12 22:42:48,915] [app_imports.py:102 - printnlog()] [get_tlib_tadata : ABBOTINDIA.NSE, EOD_LOCAL, df : None, mainrun: True]
[2025-11-12 22:42:48,919] [app_imports.py:102 - printnlog()] [get_tlib_tadata : ABSLAMC.NSE, EOD_LOCAL, df : None, mainrun: True]
[2025-11-12 22:42:48,919] [app_imports.py:102 - printnlog()] [get_tlib_tadata : ADANIPORTS.NSE, EOD_LOCAL, df : None, mainrun: True]
[2025-11-12 22:42:48,919] [app_imports.py:102 - printnlog()] [get_tlib_tadata : ADVANIHOTR.NSE, EOD_LOCAL, df : None, mainrun: True]
[2025-11-12 22:42:51,513] [app_imports.py:102 - printnlog()] [get_tlib_tadata : AIAENG.NSE, EOD_LOCAL, df : None, mainrun: True]
[2025-11-12 22:42:51,515] [app_imports.py:102 - printnlog()] [get_tlib_tadata : AJANTPHARM.NSE, EOD_LOCAL, df : None, mainrun: True]
[2025-11-12 22:42:51,515] [app_imports.py:102 - printnlog()] [End Processing ABBOTINDIA.NSE - time taken 2.5975 seconds. Avg 2.5975, time remaining 257.1525]
[2025-11-12 22:42:51,516] [app_imports.py:102 - printnlog()] [End Processing ABSLAMC.NSE - time taken 2.5958 seconds. Avg 2.5967, time remaining 254.4766]
[2025-11-12 22:42:51,681] [app_imports.py:102 - printnlog()] [get_tlib_tadata : ARVSMART.NSE, EOD_LOCAL, df : None, mainrun: True]
[2025-11-12 22:42:51,681] [app_imports.py:102 - printnlog()] [End Processing ADANIPORTS.NSE - time taken 2.761 seconds. Avg 2.6514, time remaining 257.1858]
[2025-11-12 22:42:52,020] [app_imports.py:102 - printnlog()] [get_tlib_tadata : ASIANHOTNR.NSE, EOD_LOCAL, df : None, mainrun: True]
[2025-11-12 22:42:52,021] [app_imports.py:102 - printnlog()] [End Processing ADVANIHOTR.NSE - time taken 3.1009 seconds. Avg 2.7638, time remaining 265.3248]
[2025-11-12 22:42:51,308] [app_imports.py:102 - printnlog()] [get_tlib_tadata : BAJAJ-AUTO.NSE, EOD_LOCAL, df : None, mainrun: True]
[2025-11-12 22:42:51,308] [app_imports.py:102 - printnlog()] [End Processing AJANTPHARM.NSE - time taken -0.2074 seconds. Avg 2.1696, time remaining 206.112]
[2025-11-12 22:42:51,310] [app_imports.py:102 - printnlog()] [get_tlib_tadata : BBTC.NSE, EOD_LOCAL, df : None, mainrun: True]
[2025-11-12 22:42:51,311] [app_imports.py:102 - printnlog()] [End Processing AIAENG.NSE - time taken -0.2038 seconds. Avg 1.774, time remaining 166.756]
[2025-11-12 22:42:51,467] [app_imports.py:102 - printnlog()] [get_tlib_tadata : BHARTIARTL.NSE, EOD_LOCAL, df : None, mainrun: True]
[2025-11-12 22:42:51,468] [app_imports.py:102 - printnlog()] [End Processing ARVSMART.NSE - time taken -0.2136 seconds. Avg 1.4901, time remaining 138.5793]
[2025-11-12 22:42:52,227] [app_imports.py:102 - printnlog()] [get_tlib_tadata : BLS.NSE, EOD_LOCAL, df : None, mainrun: True]
[2025-11-12 22:42:52,228] [app_imports.py:102 - printnlog()] [End Processing ASIANHOTNR.NSE - time taken 0.2063 seconds. Avg 1.3296, time remaining 122.3232]
[2025-11-12 22:42:53,557] [app_imports.py:102 - printnlog()] [get_tlib_tadata : BLUEJET.NSE, EOD_LOCAL, df : None, mainrun: True]
[2025-11-12 22:42:53,558] [app_imports.py:102 - printnlog()] [End Processing BAJAJ-AUTO.NSE - time taken 2.2495 seconds. Avg 1.4318, time remaining 130.2938]
[2025-11-12 22:42:53,590] [app_imports.py:102 - printnlog()] [get_tlib_tadata : BSE.NSE, EOD_LOCAL, df : None, mainrun: True]
[2025-11-12 22:42:53,591] [app_imports.py:102 - printnlog()] [End Processing BBTC.NSE - time taken 2.2798 seconds. Avg 1.5166, time remaining 136.494]
[2025-11-12 22:42:53,920] [app_imports.py:102 - printnlog()] [get_tlib_tadata : CAMS.NSE, EOD_LOCAL, df : None, mainrun: True]
[2025-11-12 22:42:53,920] [app_imports.py:102 - printnlog()] [End Processing BHARTIARTL.NSE - time taken 2.4522 seconds. Avg 1.6017, time remaining 142.5513]
[2025-11-12 22:42:54,467] [app_imports.py:102 - printnlog()] [get_tlib_tadata : CAPLIPOINT.NSE, EOD_LOCAL, df : None, mainrun: True]
[2025-11-12 22:42:54,467] [app_imports.py:102 - printnlog()] [End Processing BLS.NSE - time taken 2.2395 seconds. Avg 1.6548, time remaining 145.6224]
[2025-11-12 22:42:55,673] [app_imports.py:102 - printnlog()] [get_tlib_tadata : CCCL.NSE, EOD_LOCAL, df : None, mainrun: True]
[2025-11-12 22:42:55,676] [app_imports.py:102 - printnlog()] [End Processing BLUEJET.NSE - time taken 2.1156 seconds. Avg 1.6903, time remaining 147.0561]
[2025-11-12 22:42:55,892] [app_imports.py:102 - printnlog()] [get_tlib_tadata : CHAMBLFERT.NSE, EOD_LOCAL, df : None, mainrun: True]
[2025-11-12 22:42:55,893] [app_imports.py:102 - printnlog()] [End Processing BSE.NSE - time taken 2.3018 seconds. Avg 1.7339, time remaining 149.1154]
[2025-11-12 22:42:56,286] [app_imports.py:102 - printnlog()] [get_tlib_tadata : COALINDIA.NSE, EOD_LOCAL, df : None, mainrun: True]
[2025-11-12 22:42:56,287] [app_imports.py:102 - printnlog()] [End Processing CAMS.NSE - time taken 2.3661 seconds. Avg 1.7761, time remaining 150.9685]
[2025-11-12 22:42:56,838] [app_imports.py:102 - printnlog()] [get_tlib_tadata : CONTROLPR.NSE, EOD_LOCAL, df : None, mainrun: True]
[2025-11-12 22:42:56,839] [app_imports.py:102 - printnlog()] [End Processing CAPLIPOINT.NSE - time taken 2.3712 seconds. Avg 1.8133, time remaining 152.3172]
[2025-11-12 22:42:58,228] [app_imports.py:102 - printnlog()] [get_tlib_tadata : COROMANDEL.NSE, EOD_LOCAL, df : None, mainrun: True]
[2025-11-12 22:42:58,229] [app_imports.py:102 - printnlog()] [End Processing CHAMBLFERT.NSE - time taken 2.3356 seconds. Avg 1.844, time remaining 153.052]
[2025-11-12 22:42:58,702] [app_imports.py:102 - printnlog()] [get_tlib_tadata : CROWN.NSE, EOD_LOCAL, df : None, mainrun: True]
[2025-11-12 22:42:58,703] [app_imports.py:102 - printnlog()] [End Processing COALINDIA.NSE - time taken 2.4157 seconds. Avg 1.8758, time remaining 153.8156]
[2025-11-12 22:42:58,870] [app_imports.py:102 - printnlog()] [get_tlib_tadata : DBCORP.NSE, EOD_LOCAL, df : None, mainrun: True]
[2025-11-12 22:42:58,871] [app_imports.py:102 - printnlog()] [End Processing CCCL.NSE - time taken 3.1963 seconds. Avg 1.9453, time remaining 157.5693]
[2025-11-12 22:42:59,233] [app_imports.py:102 - printnlog()] [get_tlib_tadata : DGCONTENT.NSE, EOD_LOCAL, df : None, mainrun: True]
[2025-11-12 22:42:59,234] [app_imports.py:102 - printnlog()] [End Processing CONTROLPR.NSE - time taken 2.3948 seconds. Avg 1.9677, time remaining 157.416]
[2025-11-12 22:43:00,475] [app_imports.py:102 - printnlog()] [get_tlib_tadata : DHANUKA.NSE, EOD_LOCAL, df : None, mainrun: True]
[2025-11-12 22:43:00,476] [app_imports.py:102 - printnlog()] [End Processing COROMANDEL.NSE - time taken 2.247 seconds. Avg 1.981, time remaining 156.499]
[2025-11-12 22:43:01,162] [app_imports.py:102 - printnlog()] [get_tlib_tadata : DIGJAMLTD.NSE, EOD_LOCAL, df : None, mainrun: True]
[2025-11-12 22:43:01,162] [app_imports.py:102 - printnlog()] [End Processing DBCORP.NSE - time taken 2.2914 seconds. Avg 1.9951, time remaining 155.6178]
[2025-11-12 22:43:01,360] [app_imports.py:102 - printnlog()] [get_tlib_tadata : DRCSYSTEMS.NSE, EOD_LOCAL, df : None, mainrun: True]
[2025-11-12 22:43:01,361] [app_imports.py:102 - printnlog()] [End Processing CROWN.NSE - time taken 2.6573 seconds. Avg 2.0239, time remaining 155.8403]
[2025-11-12 22:43:02,830] [app_imports.py:102 - printnlog()] [get_tlib_tadata : ECLERX.NSE, EOD_LOCAL, df : None, mainrun: True]
[2025-11-12 22:43:02,831] [app_imports.py:102 - printnlog()] [End Processing DHANUKA.NSE - time taken 2.3546 seconds. Avg 2.0377, time remaining 154.8652]
[2025-11-12 22:43:03,201] [app_imports.py:102 - printnlog()] [get_tlib_tadata : EICHERMOT.NSE, EOD_LOCAL, df : None, mainrun: True]
[2025-11-12 22:43:03,202] [app_imports.py:102 - printnlog()] [End Processing DGCONTENT.NSE - time taken 3.9672 seconds. Avg 2.1149, time remaining 158.6175]
[2025-11-12 22:43:03,687] [app_imports.py:102 - printnlog()] [get_tlib_tadata : EMSLIMITED.NSE, EOD_LOCAL, df : None, mainrun: True]
[2025-11-12 22:43:03,687] [app_imports.py:102 - printnlog()] [End Processing DRCSYSTEMS.NSE - time taken 2.326 seconds. Avg 2.123, time remaining 157.102]
[2025-11-12 22:43:03,949] [app_imports.py:102 - printnlog()] [get_tlib_tadata : EPIGRAL.NSE, EOD_LOCAL, df : None, mainrun: True]
[2025-11-12 22:43:03,949] [app_imports.py:102 - printnlog()] [End Processing DIGJAMLTD.NSE - time taken 2.7864 seconds. Avg 2.1476, time remaining 156.7748]
[2025-11-12 22:43:05,145] [app_imports.py:102 - printnlog()] [get_tlib_tadata : FIEMIND.NSE, EOD_LOCAL, df : None, mainrun: True]
[2025-11-12 22:43:05,146] [app_imports.py:102 - printnlog()] [End Processing ECLERX.NSE - time taken 2.3142 seconds. Avg 2.1535, time remaining 155.052]
[2025-11-12 22:43:05,549] [app_imports.py:102 - printnlog()] [get_tlib_tadata : FINEORG.NSE, EOD_LOCAL, df : None, mainrun: True]
[2025-11-12 22:43:05,550] [app_imports.py:102 - printnlog()] [End Processing EICHERMOT.NSE - time taken 2.3482 seconds. Avg 2.1602, time remaining 153.3742]
[2025-11-12 22:43:06,054] [app_imports.py:102 - printnlog()] [get_tlib_tadata : GANDHITUBE.NSE, EOD_LOCAL, df : None, mainrun: True]
[2025-11-12 22:43:06,054] [app_imports.py:102 - printnlog()] [End Processing EMSLIMITED.NSE - time taken 2.3667 seconds. Avg 2.1671, time remaining 151.697]
[2025-11-12 22:43:06,321] [app_imports.py:102 - printnlog()] [get_tlib_tadata : GATECH.NSE, EOD_LOCAL, df : None, mainrun: True]
[2025-11-12 22:43:06,322] [app_imports.py:102 - printnlog()] [End Processing EPIGRAL.NSE - time taken 2.3724 seconds. Avg 2.1737, time remaining 149.9853]
[2025-11-12 22:43:07,492] [app_imports.py:102 - printnlog()] [get_tlib_tadata : GATEWAY.NSE, EOD_LOCAL, df : None, mainrun: True]
[2025-11-12 22:43:07,493] [app_imports.py:102 - printnlog()] [End Processing FIEMIND.NSE - time taken 2.3471 seconds. Avg 2.1792, time remaining 148.1856]
[2025-11-12 22:43:07,798] [app_imports.py:102 - printnlog()] [get_tlib_tadata : GESHIP.NSE, EOD_LOCAL, df : None, mainrun: True]
[2025-11-12 22:43:07,798] [app_imports.py:102 - printnlog()] [End Processing FINEORG.NSE - time taken 2.2479 seconds. Avg 2.1812, time remaining 146.1404]
[2025-11-12 22:43:08,394] [app_imports.py:102 - printnlog()] [get_tlib_tadata : GHCL.NSE, EOD_LOCAL, df : None, mainrun: True]
[2025-11-12 22:43:08,395] [app_imports.py:102 - printnlog()] [End Processing GANDHITUBE.NSE - time taken 2.3402 seconds. Avg 2.1859, time remaining 144.2694]
[2025-11-12 22:43:08,583] [app_imports.py:102 - printnlog()] [get_tlib_tadata : GRWRHITECH.NSE, EOD_LOCAL, df : None, mainrun: True]
[2025-11-12 22:43:08,583] [app_imports.py:102 - printnlog()] [End Processing GATECH.NSE - time taken 2.261 seconds. Avg 2.1881, time remaining 142.2265]
[2025-11-12 22:43:09,858] [app_imports.py:102 - printnlog()] [get_tlib_tadata : GULFOILLUB.NSE, EOD_LOCAL, df : None, mainrun: True]
[2025-11-12 22:43:09,859] [app_imports.py:102 - printnlog()] [End Processing GATEWAY.NSE - time taken 2.3654 seconds. Avg 2.193, time remaining 140.352]
[2025-11-12 22:43:10,160] [app_imports.py:102 - printnlog()] [get_tlib_tadata : HDFCAMC.NSE, EOD_LOCAL, df : None, mainrun: True]
[2025-11-12 22:43:10,161] [app_imports.py:102 - printnlog()] [End Processing GESHIP.NSE - time taken 2.3621 seconds. Avg 2.1976, time remaining 138.4488]
[2025-11-12 22:43:10,715] [app_imports.py:102 - printnlog()] [get_tlib_tadata : HDFCBANK.NSE, EOD_LOCAL, df : None, mainrun: True]
[2025-11-12 22:43:10,716] [app_imports.py:102 - printnlog()] [End Processing GHCL.NSE - time taken 2.3202 seconds. Avg 2.2008, time remaining 136.4496]
[2025-11-12 22:43:10,988] [app_imports.py:102 - printnlog()] [get_tlib_tadata : HEADSUP.NSE, EOD_LOCAL, df : None, mainrun: True]
[2025-11-12 22:43:10,989] [app_imports.py:102 - printnlog()] [End Processing GRWRHITECH.NSE - time taken 2.4053 seconds. Avg 2.206, time remaining 134.566]
[2025-11-12 22:43:12,128] [app_imports.py:102 - printnlog()] [get_tlib_tadata : HECPROJECT.NSE, EOD_LOCAL, df : None, mainrun: True]
[2025-11-12 22:43:12,128] [app_imports.py:102 - printnlog()] [End Processing GULFOILLUB.NSE - time taken 2.2695 seconds. Avg 2.2076, time remaining 132.456]
[2025-11-12 22:43:12,540] [app_imports.py:102 - printnlog()] [get_tlib_tadata : HEROMOTOCO.NSE, EOD_LOCAL, df : None, mainrun: True]
[2025-11-12 22:43:12,541] [app_imports.py:102 - printnlog()] [End Processing HDFCAMC.NSE - time taken 2.3797 seconds. Avg 2.2118, time remaining 130.4962]
[2025-11-12 22:43:13,158] [app_imports.py:102 - printnlog()] [get_tlib_tadata : HOVS.NSE, EOD_LOCAL, df : None, mainrun: True]
[2025-11-12 22:43:13,159] [app_imports.py:102 - printnlog()] [End Processing HDFCBANK.NSE - time taken 2.443 seconds. Avg 2.2173, time remaining 128.6034]
[2025-11-12 22:43:13,517] [app_imports.py:102 - printnlog()] [get_tlib_tadata : HUBTOWN.NSE, EOD_LOCAL, df : None, mainrun: True]
[2025-11-12 22:43:13,517] [app_imports.py:102 - printnlog()] [End Processing HEADSUP.NSE - time taken 2.5281 seconds. Avg 2.2246, time remaining 126.8022]
[2025-11-12 22:43:14,568] [app_imports.py:102 - printnlog()] [get_tlib_tadata : INDIAMART.NSE, EOD_LOCAL, df : None, mainrun: True]
[2025-11-12 22:43:14,568] [app_imports.py:102 - printnlog()] [End Processing HECPROJECT.NSE - time taken 2.4398 seconds. Avg 2.2294, time remaining 124.8464]
[2025-11-12 22:43:14,964] [app_imports.py:102 - printnlog()] [get_tlib_tadata : INDOTECH.NSE, EOD_LOCAL, df : None, mainrun: True]
[2025-11-12 22:43:14,965] [app_imports.py:102 - printnlog()] [End Processing HEROMOTOCO.NSE - time taken 2.4236 seconds. Avg 2.2338, time remaining 122.859]
[2025-11-12 22:43:15,737] [app_imports.py:102 - printnlog()] [get_tlib_tadata : INDSWFTLAB.NSE, EOD_LOCAL, df : None, mainrun: True]
[2025-11-12 22:43:15,738] [app_imports.py:102 - printnlog()] [End Processing HUBTOWN.NSE - time taken 2.2203 seconds. Avg 2.2335, time remaining 120.609]
[2025-11-12 22:43:16,805] [app_imports.py:102 - printnlog()] [get_tlib_tadata : INDUSTOWER.NSE, EOD_LOCAL, df : None, mainrun: True]
[2025-11-12 22:43:16,805] [app_imports.py:102 - printnlog()] [End Processing INDIAMART.NSE - time taken 2.2367 seconds. Avg 2.2335, time remaining 118.3755]
[2025-11-12 22:43:16,833] [app_imports.py:102 - printnlog()] [get_tlib_tadata : IRB.NSE, EOD_LOCAL, df : None, mainrun: True]
[2025-11-12 22:43:16,833] [ta_signals_mc_parallel.py:1013 - main()] [get_tlib_tadata Error : could not convert string to float: 'NA', 
 Traceback (most recent call last):
  File "/home/ram/dev/LOI/LOI-prod-server-v8/server/ta_signals_mc_parallel.py", line 884, in process_symbol
    df_row = get_tlib_tadata(underlying=symbol, price_source=price_source, my_logger=my_logger)
  File "/home/ram/dev/LOI/LOI-prod-server-v8/server/ta_signals_mc_parallel.py", line 793, in get_tlib_tadata
    d['TodayPrice'] = float(result.get('TodayPrice', 0.0) or 0.0)
ValueError: could not convert string to float: 'NA'
]
[2025-11-12 22:43:17,174] [app_imports.py:102 - printnlog()] [get_tlib_tadata : ITC.NSE, EOD_LOCAL, df : None, mainrun: True]
[2025-11-12 22:43:17,175] [app_imports.py:102 - printnlog()] [End Processing INDOTECH.NSE - time taken 2.2099 seconds. Avg 2.1875, time remaining 111.5625]
[2025-11-12 22:43:17,973] [app_imports.py:102 - printnlog()] [get_tlib_tadata : JINDRILL.NSE, EOD_LOCAL, df : None, mainrun: True]
[2025-11-12 22:43:17,974] [app_imports.py:102 - printnlog()] [End Processing INDSWFTLAB.NSE - time taken 2.2358 seconds. Avg 2.1884, time remaining 109.42]
[2025-11-12 22:43:19,170] [app_imports.py:102 - printnlog()] [get_tlib_tadata : JUSTDIAL.NSE, EOD_LOCAL, df : None, mainrun: True]
[2025-11-12 22:43:19,171] [app_imports.py:102 - printnlog()] [End Processing INDUSTOWER.NSE - time taken 2.3651 seconds. Avg 2.1919, time remaining 107.4031]
[2025-11-12 22:43:19,240] [app_imports.py:102 - printnlog()] [get_tlib_tadata : KHAITANLTD.NSE, EOD_LOCAL, df : None, mainrun: True]
[2025-11-12 22:43:19,240] [app_imports.py:102 - printnlog()] [End Processing IRB.NSE - time taken 2.4068 seconds. Avg 2.196, time remaining 105.408]
[2025-11-12 22:43:19,436] [app_imports.py:102 - printnlog()] [get_tlib_tadata : KRISHANA.NSE, EOD_LOCAL, df : None, mainrun: True]
[2025-11-12 22:43:19,437] [app_imports.py:102 - printnlog()] [End Processing ITC.NSE - time taken 2.2615 seconds. Avg 2.1973, time remaining 103.2731]
[2025-11-12 22:43:20,274] [app_imports.py:102 - printnlog()] [get_tlib_tadata : KSCL.NSE, EOD_LOCAL, df : None, mainrun: True]
[2025-11-12 22:43:20,274] [app_imports.py:102 - printnlog()] [End Processing JINDRILL.NSE - time taken 2.2998 seconds. Avg 2.1992, time remaining 101.1632]
[2025-11-12 22:43:21,447] [app_imports.py:102 - printnlog()] [get_tlib_tadata : LGBBROSLTD.NSE, EOD_LOCAL, df : None, mainrun: True]
[2025-11-12 22:43:21,448] [app_imports.py:102 - printnlog()] [End Processing JUSTDIAL.NSE - time taken 2.2765 seconds. Avg 2.2006, time remaining 99.027]
[2025-11-12 22:43:22,074] [app_imports.py:102 - printnlog()] [get_tlib_tadata : MAITHANALL.NSE, EOD_LOCAL, df : None, mainrun: True]
[2025-11-12 22:43:22,074] [app_imports.py:102 - printnlog()] [End Processing KHAITANLTD.NSE - time taken 2.8338 seconds. Avg 2.2119, time remaining 97.3236]
[2025-11-12 22:43:22,118] [app_imports.py:102 - printnlog()] [get_tlib_tadata : MGL.NSE, EOD_LOCAL, df : None, mainrun: True]
[2025-11-12 22:43:22,119] [app_imports.py:102 - printnlog()] [End Processing KRISHANA.NSE - time taken 2.6816 seconds. Avg 2.2201, time remaining 95.4643]
[2025-11-12 22:43:22,462] [app_imports.py:102 - printnlog()] [get_tlib_tadata : MHLXMIRU.NSE, EOD_LOCAL, df : None, mainrun: True]
[2025-11-12 22:43:22,463] [app_imports.py:102 - printnlog()] [End Processing KSCL.NSE - time taken 2.1883 seconds. Avg 2.2196, time remaining 93.2232]
[2025-11-12 22:43:21,263] [app_imports.py:102 - printnlog()] [get_tlib_tadata : MONARCH.NSE, EOD_LOCAL, df : None, mainrun: True]
[2025-11-12 22:43:21,264] [app_imports.py:102 - printnlog()] [End Processing LGBBROSLTD.NSE - time taken -0.1839 seconds. Avg 2.1788, time remaining 89.3308]
[2025-11-12 22:43:21,924] [app_imports.py:102 - printnlog()] [get_tlib_tadata : MPSLTD.NSE, EOD_LOCAL, df : None, mainrun: True]
[2025-11-12 22:43:21,925] [app_imports.py:102 - printnlog()] [End Processing MGL.NSE - time taken -0.194 seconds. Avg 2.1393, time remaining 85.572]
[2025-11-12 22:43:22,223] [app_imports.py:102 - printnlog()] [get_tlib_tadata : MUTHOOTFIN.NSE, EOD_LOCAL, df : None, mainrun: True]
[2025-11-12 22:43:22,224] [app_imports.py:102 - printnlog()] [End Processing MAITHANALL.NSE - time taken 0.1492 seconds. Avg 2.1067, time remaining 82.1613]
[2025-11-12 22:43:22,427] [app_imports.py:102 - printnlog()] [get_tlib_tadata : NAGREEKCAP.NSE, EOD_LOCAL, df : None, mainrun: True]
[2025-11-12 22:43:22,428] [app_imports.py:102 - printnlog()] [End Processing MHLXMIRU.NSE - time taken -0.0355 seconds. Avg 2.0721, time remaining 78.7398]
[2025-11-12 22:43:23,480] [app_imports.py:102 - printnlog()] [get_tlib_tadata : NATCOPHARM.NSE, EOD_LOCAL, df : None, mainrun: True]
[2025-11-12 22:43:23,481] [app_imports.py:102 - printnlog()] [End Processing MONARCH.NSE - time taken 2.2164 seconds. Avg 2.0744, time remaining 76.7528]
[2025-11-12 22:43:24,147] [app_imports.py:102 - printnlog()] [get_tlib_tadata : NATIONALUM.NSE, EOD_LOCAL, df : None, mainrun: True]
[2025-11-12 22:43:24,147] [app_imports.py:102 - printnlog()] [End Processing MPSLTD.NSE - time taken 2.2221 seconds. Avg 2.0767, time remaining 74.7612]
[2025-11-12 22:43:24,438] [app_imports.py:102 - printnlog()] [get_tlib_tadata : NAVNETEDUL.NSE, EOD_LOCAL, df : None, mainrun: True]
[2025-11-12 22:43:24,439] [app_imports.py:102 - printnlog()] [End Processing MUTHOOTFIN.NSE - time taken 2.2145 seconds. Avg 2.0788, time remaining 72.758]
[2025-11-12 22:43:25,099] [app_imports.py:102 - printnlog()] [get_tlib_tadata : NESCO.NSE, EOD_LOCAL, df : None, mainrun: True]
[2025-11-12 22:43:25,100] [app_imports.py:102 - printnlog()] [End Processing NAGREEKCAP.NSE - time taken 2.6719 seconds. Avg 2.0878, time remaining 70.9852]
[2025-11-12 22:43:25,695] [app_imports.py:102 - printnlog()] [get_tlib_tadata : NMDC.NSE, EOD_LOCAL, df : None, mainrun: True]
[2025-11-12 22:43:25,696] [app_imports.py:102 - printnlog()] [End Processing NATCOPHARM.NSE - time taken 2.2149 seconds. Avg 2.0897, time remaining 68.9601]
[2025-11-12 22:43:26,470] [app_imports.py:102 - printnlog()] [get_tlib_tadata : NUCLEUS.NSE, EOD_LOCAL, df : None, mainrun: True]
[2025-11-12 22:43:26,470] [app_imports.py:102 - printnlog()] [End Processing NATIONALUM.NSE - time taken 2.3229 seconds. Avg 2.0931, time remaining 66.9792]
[2025-11-12 22:43:26,773] [app_imports.py:102 - printnlog()] [get_tlib_tadata : NUVAMA.NSE, EOD_LOCAL, df : None, mainrun: True]
[2025-11-12 22:43:26,773] [app_imports.py:102 - printnlog()] [End Processing NAVNETEDUL.NSE - time taken 2.3342 seconds. Avg 2.0966, time remaining 64.9946]
[2025-11-12 22:43:27,363] [app_imports.py:102 - printnlog()] [get_tlib_tadata : OBEROIRLTY.NSE, EOD_LOCAL, df : None, mainrun: True]
[2025-11-12 22:43:27,363] [app_imports.py:102 - printnlog()] [End Processing NESCO.NSE - time taken 2.2631 seconds. Avg 2.099, time remaining 62.97]
[2025-11-12 22:43:27,900] [app_imports.py:102 - printnlog()] [get_tlib_tadata : OFSS.NSE, EOD_LOCAL, df : None, mainrun: True]
[2025-11-12 22:43:27,901] [app_imports.py:102 - printnlog()] [End Processing NMDC.NSE - time taken 2.2046 seconds. Avg 2.1005, time remaining 60.9145]
[2025-11-12 22:43:28,854] [app_imports.py:102 - printnlog()] [get_tlib_tadata : ORBTEXP.NSE, EOD_LOCAL, df : None, mainrun: True]
[2025-11-12 22:43:28,855] [app_imports.py:102 - printnlog()] [End Processing NUVAMA.NSE - time taken 2.0807 seconds. Avg 2.1002, time remaining 58.8056]
[2025-11-12 22:43:29,660] [app_imports.py:102 - printnlog()] [get_tlib_tadata : OSWALAGRO.NSE, EOD_LOCAL, df : None, mainrun: True]
[2025-11-12 22:43:29,661] [app_imports.py:102 - printnlog()] [End Processing NUCLEUS.NSE - time taken 3.1899 seconds. Avg 2.1152, time remaining 57.1104]
[2025-11-12 22:43:29,815] [app_imports.py:102 - printnlog()] [get_tlib_tadata : PCJEWELLER.NSE, EOD_LOCAL, df : None, mainrun: True]
[2025-11-12 22:43:29,816] [app_imports.py:102 - printnlog()] [End Processing OBEROIRLTY.NSE - time taken 2.4524 seconds. Avg 2.1197, time remaining 55.1122]
[2025-11-12 22:43:31,376] [app_imports.py:102 - printnlog()] [get_tlib_tadata : PFC.NSE, EOD_LOCAL, df : None, mainrun: True]
[2025-11-12 22:43:31,377] [app_imports.py:102 - printnlog()] [End Processing OFSS.NSE - time taken 3.4754 seconds. Avg 2.1378, time remaining 53.445]
[2025-11-12 22:43:31,834] [app_imports.py:102 - printnlog()] [get_tlib_tadata : PFIZER.NSE, EOD_LOCAL, df : None, mainrun: True]
[2025-11-12 22:43:31,834] [app_imports.py:102 - printnlog()] [End Processing ORBTEXP.NSE - time taken 2.9798 seconds. Avg 2.1489, time remaining 51.5736]
[2025-11-12 22:43:31,935] [app_imports.py:102 - printnlog()] [get_tlib_tadata : PGHL.NSE, EOD_LOCAL, df : None, mainrun: True]
[2025-11-12 22:43:31,936] [app_imports.py:102 - printnlog()] [End Processing OSWALAGRO.NSE - time taken 2.2744 seconds. Avg 2.1505, time remaining 49.4615]
[2025-11-12 22:43:32,275] [app_imports.py:102 - printnlog()] [get_tlib_tadata : POWERMECH.NSE, EOD_LOCAL, df : None, mainrun: True]
[2025-11-12 22:43:32,275] [app_imports.py:102 - printnlog()] [End Processing PCJEWELLER.NSE - time taken 2.4589 seconds. Avg 2.1545, time remaining 47.399]
[2025-11-12 22:43:33,686] [app_imports.py:102 - printnlog()] [get_tlib_tadata : RPGLIFE.NSE, EOD_LOCAL, df : None, mainrun: True]
[2025-11-12 22:43:33,686] [app_imports.py:102 - printnlog()] [End Processing PFC.NSE - time taken 2.3092 seconds. Avg 2.1564, time remaining 45.2844]
[2025-11-12 22:43:34,139] [app_imports.py:102 - printnlog()] [get_tlib_tadata : SANDUMA.NSE, EOD_LOCAL, df : None, mainrun: True]
[2025-11-12 22:43:34,140] [app_imports.py:102 - printnlog()] [End Processing PFIZER.NSE - time taken 2.3048 seconds. Avg 2.1583, time remaining 43.166]
[2025-11-12 22:43:34,181] [app_imports.py:102 - printnlog()] [get_tlib_tadata : SANGHVIMOV.NSE, EOD_LOCAL, df : None, mainrun: True]
[2025-11-12 22:43:34,182] [app_imports.py:102 - printnlog()] [End Processing PGHL.NSE - time taken 2.2461 seconds. Avg 2.1593, time remaining 41.0267]
[2025-11-12 22:43:34,605] [app_imports.py:102 - printnlog()] [get_tlib_tadata : SHREERAMA.NSE, EOD_LOCAL, df : None, mainrun: True]
[2025-11-12 22:43:34,606] [app_imports.py:102 - printnlog()] [End Processing POWERMECH.NSE - time taken 2.33 seconds. Avg 2.1614, time remaining 38.9052]
[2025-11-12 22:43:36,018] [app_imports.py:102 - printnlog()] [get_tlib_tadata : SHRIPISTON.NSE, EOD_LOCAL, df : None, mainrun: True]
[2025-11-12 22:43:36,018] [app_imports.py:102 - printnlog()] [End Processing RPGLIFE.NSE - time taken 2.332 seconds. Avg 2.1635, time remaining 36.7795]
[2025-11-12 22:43:36,381] [app_imports.py:102 - printnlog()] [get_tlib_tadata : SKYGOLD.NSE, EOD_LOCAL, df : None, mainrun: True]
[2025-11-12 22:43:36,382] [app_imports.py:102 - printnlog()] [End Processing SANDUMA.NSE - time taken 2.2419 seconds. Avg 2.1644, time remaining 34.6304]
[2025-11-12 22:43:36,460] [app_imports.py:102 - printnlog()] [get_tlib_tadata : SOMATEX.NSE, EOD_LOCAL, df : None, mainrun: True]
[2025-11-12 22:43:36,461] [app_imports.py:102 - printnlog()] [End Processing SANGHVIMOV.NSE - time taken 2.2784 seconds. Avg 2.1658, time remaining 32.487]
[2025-11-12 22:43:37,612] [app_imports.py:102 - printnlog()] [get_tlib_tadata : SPAL.NSE, EOD_LOCAL, df : None, mainrun: True]
[2025-11-12 22:43:37,612] [app_imports.py:102 - printnlog()] [End Processing SHREERAMA.NSE - time taken 3.0064 seconds. Avg 2.1755, time remaining 30.457]
[2025-11-12 22:43:38,258] [app_imports.py:102 - printnlog()] [get_tlib_tadata : STEELCAS.NSE, EOD_LOCAL, df : None, mainrun: True]
[2025-11-12 22:43:38,259] [app_imports.py:102 - printnlog()] [End Processing SHRIPISTON.NSE - time taken 2.2399 seconds. Avg 2.1763, time remaining 28.2919]
[2025-11-12 22:43:38,656] [app_imports.py:102 - printnlog()] [get_tlib_tadata : STYLAMIND.NSE, EOD_LOCAL, df : None, mainrun: True]
[2025-11-12 22:43:38,657] [app_imports.py:102 - printnlog()] [End Processing SKYGOLD.NSE - time taken 2.2747 seconds. Avg 2.1774, time remaining 26.1288]
[2025-11-12 22:43:38,694] [app_imports.py:102 - printnlog()] [get_tlib_tadata : SUNTV.NSE, EOD_LOCAL, df : None, mainrun: True]
[2025-11-12 22:43:38,695] [app_imports.py:102 - printnlog()] [End Processing SOMATEX.NSE - time taken 2.2339 seconds. Avg 2.178, time remaining 23.958]
[2025-11-12 22:43:39,899] [app_imports.py:102 - printnlog()] [get_tlib_tadata : TEMBO.NSE, EOD_LOCAL, df : None, mainrun: True]
[2025-11-12 22:43:39,900] [app_imports.py:102 - printnlog()] [End Processing SPAL.NSE - time taken 2.2874 seconds. Avg 2.1792, time remaining 21.792]
[2025-11-12 22:43:40,550] [app_imports.py:102 - printnlog()] [get_tlib_tadata : TIPSMUSIC.NSE, EOD_LOCAL, df : None, mainrun: True]
[2025-11-12 22:43:40,550] [app_imports.py:102 - printnlog()] [End Processing STEELCAS.NSE - time taken 2.2913 seconds. Avg 2.1805, time remaining 19.6245]
[2025-11-12 22:43:40,873] [app_imports.py:102 - printnlog()] [get_tlib_tadata : TOUCHWOOD.NSE, EOD_LOCAL, df : None, mainrun: True]
[2025-11-12 22:43:40,874] [app_imports.py:102 - printnlog()] [End Processing STYLAMIND.NSE - time taken 2.2167 seconds. Avg 2.1809, time remaining 17.4472]
[2025-11-12 22:43:41,026] [app_imports.py:102 - printnlog()] [get_tlib_tadata : VEDL.NSE, EOD_LOCAL, df : None, mainrun: True]
[2025-11-12 22:43:41,026] [app_imports.py:102 - printnlog()] [End Processing SUNTV.NSE - time taken 2.3312 seconds. Avg 2.1825, time remaining 15.2775]
[2025-11-12 22:43:42,539] [app_imports.py:102 - printnlog()] [get_tlib_tadata : VOLTAMP.NSE, EOD_LOCAL, df : None, mainrun: True]
[2025-11-12 22:43:42,540] [app_imports.py:102 - printnlog()] [End Processing TEMBO.NSE - time taken 2.6395 seconds. Avg 2.1873, time remaining 13.1238]
[2025-11-12 22:43:42,600] [app_imports.py:102 - printnlog()] [get_tlib_tadata : WEBELSOLAR.NSE, EOD_LOCAL, df : None, mainrun: True]
[2025-11-12 22:43:42,600] [app_imports.py:102 - printnlog()] [End Processing TIPSMUSIC.NSE - time taken 2.0494 seconds. Avg 2.1859, time remaining 10.9295]
[2025-11-12 22:43:43,300] [app_imports.py:102 - printnlog()] [get_tlib_tadata : WELCORP.NSE, EOD_LOCAL, df : None, mainrun: True]
[2025-11-12 22:43:43,301] [app_imports.py:102 - printnlog()] [End Processing VEDL.NSE - time taken 2.2741 seconds. Avg 2.1868, time remaining 8.7472]
[2025-11-12 22:43:43,558] [app_imports.py:102 - printnlog()] [End Processing TOUCHWOOD.NSE - time taken 2.6841 seconds. Avg 2.1919, time remaining 6.5757]
[2025-11-12 22:43:44,918] [app_imports.py:102 - printnlog()] [End Processing WEBELSOLAR.NSE - time taken 2.3174 seconds. Avg 2.1932, time remaining 4.3864]
[2025-11-12 22:43:44,955] [app_imports.py:102 - printnlog()] [End Processing VOLTAMP.NSE - time taken 2.4148 seconds. Avg 2.1955, time remaining 2.1955]
[2025-11-12 22:43:46,623] [app_imports.py:102 - printnlog()] [End Processing WELCORP.NSE - time taken 3.3222 seconds. Avg 2.2067, time remaining 0.0]
[2025-11-12 22:43:46,828] [ta_signals_mc_parallel.py:1059 - main()] [Inserted 99 rows into eod_tas_listings_temp]
[2025-11-12 22:43:46,902] [ta_signals_mc_parallel.py:1082 - main()] [Deleted 0 rows from eod_tas_listings]
[2025-11-12 22:43:47,056] [ta_signals_mc_parallel.py:1116 - main()] [99 rows inserted into eod_tas_listings]
