[2025-11-12 23:06:16,465] [app_imports.py:102 - printnlog()] {'PRICE_SOURCE': 'EOD_LOCAL', 'DIWidth_Strong_threshold': 15, 'DIWidth_Average_threshold': 10, 'ADX_Strong_threshold': 25, 'ADX_Average_threshold': 20, 'EMA_CROSS_LOOKBACK': 3, 'SMA_CROSS_LOOKBACK': 10, 'HISTORY_BARS': 600, 'tal_master_tablename': 'eod_tas_listings', 'FUNDAMENTALS_TABLENAME': 'eod_gem_listings', 'CLOSING_PRICES_FUNCTION': <function get_historic_prices_from_eod_local at 0x71b81f98c1f0>, 'LAST_PRICES_DETLS_FUNCTION': <function eod_lastPriceDetails at 0x71b821275d80>, 'WATCHLIST_TABLENAME': 'eod_watchlist', 'tal_temp_tablename': 'eod_tas_listings_temp'}
[2025-11-12 23:06:16,610] [app_imports.py:102 - printnlog()] [Count of total Symbols : 100]
[2025-11-12 23:06:16,680] [ta_signals_mc_parallel.py:125 - ensure_output_table()] [ensure_output_table] CREATE TABLE IF NOT EXISTS executed for eod_tas_listings_temp
[2025-11-12 23:06:16,951] [ta_signals_mc_parallel.py:125 - ensure_output_table()] [ensure_output_table] CREATE TABLE IF NOT EXISTS executed for eod_tas_listings
[2025-11-12 23:06:17,163] [ta_signals_mc_parallel.py:981 - main()] [Ensured tables eod_tas_listings_temp and eod_tas_listings exist with canonical schema]
[2025-11-12 23:06:17,163] [app_imports.py:102 - printnlog()] [Deleting outdated records from temporary table]
[2025-11-12 23:06:17,230] [ta_signals_mc_parallel.py:997 - main()] [Delete operation completed successfully]
[2025-11-12 23:06:17,265] [app_imports.py:102 - printnlog()] [get_tlib_tadata : ABBOTINDIA.NSE, EOD_LOCAL, df : None, mainrun: True]
[2025-11-12 23:06:17,265] [app_imports.py:102 - printnlog()] [get_tlib_tadata : ADVANIHOTR.NSE, EOD_LOCAL, df : None, mainrun: True]
[2025-11-12 23:06:17,265] [app_imports.py:102 - printnlog()] [get_tlib_tadata : ABSLAMC.NSE, EOD_LOCAL, df : None, mainrun: True]
[2025-11-12 23:06:17,265] [app_imports.py:102 - printnlog()] [get_tlib_tadata : ADANIPORTS.NSE, EOD_LOCAL, df : None, mainrun: True]
[2025-11-12 23:06:19,906] [app_imports.py:102 - printnlog()] [get_tlib_tadata : AIAENG.NSE, EOD_LOCAL, df : None, mainrun: True]
[2025-11-12 23:06:19,914] [app_imports.py:102 - printnlog()] [End Processing ABBOTINDIA.NSE - time taken 2.6406 seconds. Avg 2.6406, time remaining 261.4194]
[2025-11-12 23:06:19,968] [app_imports.py:102 - printnlog()] [get_tlib_tadata : AJANTPHARM.NSE, EOD_LOCAL, df : None, mainrun: True]
[2025-11-12 23:06:19,970] [app_imports.py:102 - printnlog()] [End Processing ABSLAMC.NSE - time taken 2.7021 seconds. Avg 2.6714, time remaining 261.7972]
[2025-11-12 23:06:20,078] [app_imports.py:102 - printnlog()] [get_tlib_tadata : ARVSMART.NSE, EOD_LOCAL, df : None, mainrun: True]
[2025-11-12 23:06:20,078] [app_imports.py:102 - printnlog()] [End Processing ADANIPORTS.NSE - time taken 2.8119 seconds. Avg 2.7182, time remaining 263.6654]
[2025-11-12 23:06:20,374] [app_imports.py:102 - printnlog()] [get_tlib_tadata : ASIANHOTNR.NSE, EOD_LOCAL, df : None, mainrun: True]
[2025-11-12 23:06:20,375] [app_imports.py:102 - printnlog()] [End Processing ADVANIHOTR.NSE - time taken 3.1083 seconds. Avg 2.8157, time remaining 270.3072]
[2025-11-12 23:06:19,759] [app_imports.py:102 - printnlog()] [get_tlib_tadata : BAJAJ-AUTO.NSE, EOD_LOCAL, df : None, mainrun: True]
[2025-11-12 23:06:19,760] [app_imports.py:102 - printnlog()] [End Processing AIAENG.NSE - time taken -0.1474 seconds. Avg 2.2231, time remaining 211.1945]
[2025-11-12 23:06:19,993] [app_imports.py:102 - printnlog()] [get_tlib_tadata : BBTC.NSE, EOD_LOCAL, df : None, mainrun: True]
[2025-11-12 23:06:19,993] [app_imports.py:102 - printnlog()] [End Processing AJANTPHARM.NSE - time taken 0.0242 seconds. Avg 1.8566, time remaining 174.5204]
[2025-11-12 23:06:20,243] [app_imports.py:102 - printnlog()] [get_tlib_tadata : BHARTIARTL.NSE, EOD_LOCAL, df : None, mainrun: True]
[2025-11-12 23:06:20,244] [app_imports.py:102 - printnlog()] [End Processing ARVSMART.NSE - time taken 0.1645 seconds. Avg 1.6149, time remaining 150.1857]
[2025-11-12 23:06:20,956] [app_imports.py:102 - printnlog()] [get_tlib_tadata : BLS.NSE, EOD_LOCAL, df : None, mainrun: True]
[2025-11-12 23:06:20,956] [app_imports.py:102 - printnlog()] [End Processing ASIANHOTNR.NSE - time taken 0.581 seconds. Avg 1.4857, time remaining 136.6844]
[2025-11-12 23:06:22,257] [app_imports.py:102 - printnlog()] [get_tlib_tadata : BLUEJET.NSE, EOD_LOCAL, df : None, mainrun: True]
[2025-11-12 23:06:22,257] [app_imports.py:102 - printnlog()] [End Processing BAJAJ-AUTO.NSE - time taken 2.4975 seconds. Avg 1.5981, time remaining 145.4271]
[2025-11-12 23:06:22,453] [app_imports.py:102 - printnlog()] [get_tlib_tadata : BSE.NSE, EOD_LOCAL, df : None, mainrun: True]
[2025-11-12 23:06:22,453] [app_imports.py:102 - printnlog()] [End Processing BBTC.NSE - time taken 2.4599 seconds. Avg 1.6843, time remaining 151.587]
[2025-11-12 23:06:22,785] [app_imports.py:102 - printnlog()] [get_tlib_tadata : CAMS.NSE, EOD_LOCAL, df : None, mainrun: True]
[2025-11-12 23:06:22,786] [app_imports.py:102 - printnlog()] [End Processing BHARTIARTL.NSE - time taken 2.5424 seconds. Avg 1.7623, time remaining 156.8447]
[2025-11-12 23:06:23,374] [app_imports.py:102 - printnlog()] [get_tlib_tadata : CAPLIPOINT.NSE, EOD_LOCAL, df : None, mainrun: True]
[2025-11-12 23:06:23,375] [app_imports.py:102 - printnlog()] [End Processing BLS.NSE - time taken 2.4184 seconds. Avg 1.817, time remaining 159.896]
[2025-11-12 23:06:24,344] [app_imports.py:102 - printnlog()] [get_tlib_tadata : CCCL.NSE, EOD_LOCAL, df : None, mainrun: True]
[2025-11-12 23:06:24,346] [app_imports.py:102 - printnlog()] [End Processing BLUEJET.NSE - time taken 2.0868 seconds. Avg 1.8377, time remaining 159.8799]
[2025-11-12 23:06:24,751] [app_imports.py:102 - printnlog()] [get_tlib_tadata : CHAMBLFERT.NSE, EOD_LOCAL, df : None, mainrun: True]
[2025-11-12 23:06:24,752] [app_imports.py:102 - printnlog()] [End Processing BSE.NSE - time taken 2.2982 seconds. Avg 1.8706, time remaining 160.8716]
[2025-11-12 23:06:25,120] [app_imports.py:102 - printnlog()] [get_tlib_tadata : COALINDIA.NSE, EOD_LOCAL, df : None, mainrun: True]
[2025-11-12 23:06:25,120] [app_imports.py:102 - printnlog()] [End Processing CAMS.NSE - time taken 2.3339 seconds. Avg 1.9015, time remaining 161.6275]
[2025-11-12 23:06:25,629] [app_imports.py:102 - printnlog()] [get_tlib_tadata : CONTROLPR.NSE, EOD_LOCAL, df : None, mainrun: True]
[2025-11-12 23:06:25,630] [app_imports.py:102 - printnlog()] [End Processing CAPLIPOINT.NSE - time taken 2.2544 seconds. Avg 1.9235, time remaining 161.574]
[2025-11-12 23:06:27,090] [app_imports.py:102 - printnlog()] [get_tlib_tadata : COROMANDEL.NSE, EOD_LOCAL, df : None, mainrun: True]
[2025-11-12 23:06:27,090] [app_imports.py:102 - printnlog()] [End Processing CHAMBLFERT.NSE - time taken 2.3379 seconds. Avg 1.9479, time remaining 161.6757]
[2025-11-12 23:06:27,790] [app_imports.py:102 - printnlog()] [get_tlib_tadata : CROWN.NSE, EOD_LOCAL, df : None, mainrun: True]
[2025-11-12 23:06:27,791] [app_imports.py:102 - printnlog()] [End Processing COALINDIA.NSE - time taken 2.6703 seconds. Avg 1.9881, time remaining 163.0242]
[2025-11-12 23:06:28,009] [app_imports.py:102 - printnlog()] [get_tlib_tadata : DBCORP.NSE, EOD_LOCAL, df : None, mainrun: True]
[2025-11-12 23:06:28,009] [app_imports.py:102 - printnlog()] [End Processing CCCL.NSE - time taken 3.6644 seconds. Avg 2.0763, time remaining 168.1803]
[2025-11-12 23:06:28,015] [app_imports.py:102 - printnlog()] [get_tlib_tadata : DGCONTENT.NSE, EOD_LOCAL, df : None, mainrun: True]
[2025-11-12 23:06:28,015] [app_imports.py:102 - printnlog()] [End Processing CONTROLPR.NSE - time taken 2.3854 seconds. Avg 2.0917, time remaining 167.336]
[2025-11-12 23:06:29,407] [app_imports.py:102 - printnlog()] [get_tlib_tadata : DHANUKA.NSE, EOD_LOCAL, df : None, mainrun: True]
[2025-11-12 23:06:29,408] [app_imports.py:102 - printnlog()] [End Processing COROMANDEL.NSE - time taken 2.3172 seconds. Avg 2.1025, time remaining 166.0975]
[2025-11-12 23:06:30,335] [app_imports.py:102 - printnlog()] [get_tlib_tadata : DIGJAMLTD.NSE, EOD_LOCAL, df : None, mainrun: True]
[2025-11-12 23:06:30,335] [app_imports.py:102 - printnlog()] [End Processing DBCORP.NSE - time taken 2.3259 seconds. Avg 2.1126, time remaining 164.7828]
[2025-11-12 23:06:30,859] [app_imports.py:102 - printnlog()] [get_tlib_tadata : DRCSYSTEMS.NSE, EOD_LOCAL, df : None, mainrun: True]
[2025-11-12 23:06:30,860] [app_imports.py:102 - printnlog()] [End Processing CROWN.NSE - time taken 3.0684 seconds. Avg 2.1542, time remaining 165.8734]
[2025-11-12 23:06:31,464] [app_imports.py:102 - printnlog()] [get_tlib_tadata : ECLERX.NSE, EOD_LOCAL, df : None, mainrun: True]
[2025-11-12 23:06:31,464] [app_imports.py:102 - printnlog()] [End Processing DGCONTENT.NSE - time taken 3.449 seconds. Avg 2.2081, time remaining 167.8156]
[2025-11-12 23:06:31,730] [app_imports.py:102 - printnlog()] [get_tlib_tadata : EICHERMOT.NSE, EOD_LOCAL, df : None, mainrun: True]
[2025-11-12 23:06:31,731] [app_imports.py:102 - printnlog()] [End Processing DHANUKA.NSE - time taken 2.3229 seconds. Avg 2.2127, time remaining 165.9525]
[2025-11-12 23:06:32,986] [app_imports.py:102 - printnlog()] [get_tlib_tadata : EMSLIMITED.NSE, EOD_LOCAL, df : None, mainrun: True]
[2025-11-12 23:06:32,987] [app_imports.py:102 - printnlog()] [End Processing DIGJAMLTD.NSE - time taken 2.6509 seconds. Avg 2.2296, time remaining 164.9904]
[2025-11-12 23:06:33,208] [app_imports.py:102 - printnlog()] [get_tlib_tadata : EPIGRAL.NSE, EOD_LOCAL, df : None, mainrun: True]
[2025-11-12 23:06:33,209] [app_imports.py:102 - printnlog()] [End Processing DRCSYSTEMS.NSE - time taken 2.3484 seconds. Avg 2.234, time remaining 163.082]
[2025-11-12 23:06:33,794] [app_imports.py:102 - printnlog()] [get_tlib_tadata : FIEMIND.NSE, EOD_LOCAL, df : None, mainrun: True]
[2025-11-12 23:06:33,795] [app_imports.py:102 - printnlog()] [End Processing ECLERX.NSE - time taken 2.3301 seconds. Avg 2.2374, time remaining 161.0928]
[2025-11-12 23:06:34,119] [app_imports.py:102 - printnlog()] [get_tlib_tadata : FINEORG.NSE, EOD_LOCAL, df : None, mainrun: True]
[2025-11-12 23:06:34,120] [app_imports.py:102 - printnlog()] [End Processing EICHERMOT.NSE - time taken 2.3883 seconds. Avg 2.2426, time remaining 159.2246]
[2025-11-12 23:06:35,218] [app_imports.py:102 - printnlog()] [get_tlib_tadata : GANDHITUBE.NSE, EOD_LOCAL, df : None, mainrun: True]
[2025-11-12 23:06:35,219] [app_imports.py:102 - printnlog()] [End Processing EMSLIMITED.NSE - time taken 2.2317 seconds. Avg 2.2422, time remaining 156.954]
[2025-11-12 23:06:35,535] [app_imports.py:102 - printnlog()] [get_tlib_tadata : GATECH.NSE, EOD_LOCAL, df : None, mainrun: True]
[2025-11-12 23:06:35,535] [app_imports.py:102 - printnlog()] [End Processing EPIGRAL.NSE - time taken 2.3265 seconds. Avg 2.245, time remaining 154.905]
[2025-11-12 23:06:36,014] [app_imports.py:102 - printnlog()] [get_tlib_tadata : GATEWAY.NSE, EOD_LOCAL, df : None, mainrun: True]
[2025-11-12 23:06:36,014] [app_imports.py:102 - printnlog()] [End Processing FIEMIND.NSE - time taken 2.2191 seconds. Avg 2.2442, time remaining 152.6056]
[2025-11-12 23:06:36,499] [app_imports.py:102 - printnlog()] [get_tlib_tadata : GESHIP.NSE, EOD_LOCAL, df : None, mainrun: True]
[2025-11-12 23:06:36,500] [app_imports.py:102 - printnlog()] [End Processing FINEORG.NSE - time taken 2.3796 seconds. Avg 2.2483, time remaining 150.6361]
[2025-11-12 23:06:37,636] [app_imports.py:102 - printnlog()] [get_tlib_tadata : GHCL.NSE, EOD_LOCAL, df : None, mainrun: True]
[2025-11-12 23:06:37,637] [app_imports.py:102 - printnlog()] [End Processing GANDHITUBE.NSE - time taken 2.4179 seconds. Avg 2.2533, time remaining 148.7178]
[2025-11-12 23:06:37,817] [app_imports.py:102 - printnlog()] [get_tlib_tadata : GRWRHITECH.NSE, EOD_LOCAL, df : None, mainrun: True]
[2025-11-12 23:06:37,817] [app_imports.py:102 - printnlog()] [End Processing GATECH.NSE - time taken 2.2817 seconds. Avg 2.2541, time remaining 146.5165]
[2025-11-12 23:06:38,365] [app_imports.py:102 - printnlog()] [get_tlib_tadata : GULFOILLUB.NSE, EOD_LOCAL, df : None, mainrun: True]
[2025-11-12 23:06:38,366] [app_imports.py:102 - printnlog()] [End Processing GATEWAY.NSE - time taken 2.3511 seconds. Avg 2.2568, time remaining 144.4352]
[2025-11-12 23:06:38,832] [app_imports.py:102 - printnlog()] [get_tlib_tadata : HDFCAMC.NSE, EOD_LOCAL, df : None, mainrun: True]
[2025-11-12 23:06:38,832] [app_imports.py:102 - printnlog()] [End Processing GESHIP.NSE - time taken 2.3325 seconds. Avg 2.2588, time remaining 142.3044]
[2025-11-12 23:06:40,100] [app_imports.py:102 - printnlog()] [get_tlib_tadata : HDFCBANK.NSE, EOD_LOCAL, df : None, mainrun: True]
[2025-11-12 23:06:40,100] [app_imports.py:102 - printnlog()] [End Processing GHCL.NSE - time taken 2.4629 seconds. Avg 2.2642, time remaining 140.3804]
[2025-11-12 23:06:40,309] [app_imports.py:102 - printnlog()] [get_tlib_tadata : HEADSUP.NSE, EOD_LOCAL, df : None, mainrun: True]
[2025-11-12 23:06:40,309] [app_imports.py:102 - printnlog()] [End Processing GRWRHITECH.NSE - time taken 2.4917 seconds. Avg 2.27, time remaining 138.47]
[2025-11-12 23:06:40,784] [app_imports.py:102 - printnlog()] [get_tlib_tadata : HECPROJECT.NSE, EOD_LOCAL, df : None, mainrun: True]
[2025-11-12 23:06:40,785] [app_imports.py:102 - printnlog()] [End Processing GULFOILLUB.NSE - time taken 2.419 seconds. Avg 2.2737, time remaining 136.422]
[2025-11-12 23:06:41,315] [app_imports.py:102 - printnlog()] [get_tlib_tadata : HEROMOTOCO.NSE, EOD_LOCAL, df : None, mainrun: True]
[2025-11-12 23:06:41,316] [app_imports.py:102 - printnlog()] [End Processing HDFCAMC.NSE - time taken 2.4835 seconds. Avg 2.2789, time remaining 134.4551]
[2025-11-12 23:06:42,670] [app_imports.py:102 - printnlog()] [get_tlib_tadata : HOVS.NSE, EOD_LOCAL, df : None, mainrun: True]
[2025-11-12 23:06:42,670] [app_imports.py:102 - printnlog()] [End Processing HDFCBANK.NSE - time taken 2.5698 seconds. Avg 2.2858, time remaining 132.5764]
[2025-11-12 23:06:43,037] [app_imports.py:102 - printnlog()] [get_tlib_tadata : HUBTOWN.NSE, EOD_LOCAL, df : None, mainrun: True]
[2025-11-12 23:06:43,037] [app_imports.py:102 - printnlog()] [End Processing HEADSUP.NSE - time taken 2.7275 seconds. Avg 2.2961, time remaining 130.8777]
[2025-11-12 23:06:43,098] [app_imports.py:102 - printnlog()] [get_tlib_tadata : INDIAMART.NSE, EOD_LOCAL, df : None, mainrun: True]
[2025-11-12 23:06:43,098] [app_imports.py:102 - printnlog()] [End Processing HECPROJECT.NSE - time taken 2.3132 seconds. Avg 2.2964, time remaining 128.5984]
[2025-11-12 23:06:43,699] [app_imports.py:102 - printnlog()] [get_tlib_tadata : INDOTECH.NSE, EOD_LOCAL, df : None, mainrun: True]
[2025-11-12 23:06:43,699] [app_imports.py:102 - printnlog()] [End Processing HEROMOTOCO.NSE - time taken 2.3829 seconds. Avg 2.2984, time remaining 126.412]
[2025-11-12 23:06:45,232] [app_imports.py:102 - printnlog()] [get_tlib_tadata : INDSWFTLAB.NSE, EOD_LOCAL, df : None, mainrun: True]
[2025-11-12 23:06:45,232] [ta_signals_mc_parallel.py:1013 - main()] [get_tlib_tadata Error : could not convert string to float: 'NA', 
 Traceback (most recent call last):
  File "/home/ram/dev/LOI/LOI-prod-server-v8/server/ta_signals_mc_parallel.py", line 884, in process_symbol
    df_row = get_tlib_tadata(underlying=symbol, price_source=price_source, my_logger=my_logger)
  File "/home/ram/dev/LOI/LOI-prod-server-v8/server/ta_signals_mc_parallel.py", line 793, in get_tlib_tadata
    d['TodayPrice'] = float(result.get('TodayPrice', 0.0) or 0.0)
ValueError: could not convert string to float: 'NA'
]
[2025-11-12 23:06:45,367] [app_imports.py:102 - printnlog()] [get_tlib_tadata : INDUSTOWER.NSE, EOD_LOCAL, df : None, mainrun: True]
[2025-11-12 23:06:45,368] [app_imports.py:102 - printnlog()] [End Processing HUBTOWN.NSE - time taken 2.3303 seconds. Avg 2.2501, time remaining 119.2553]
[2025-11-12 23:06:45,489] [app_imports.py:102 - printnlog()] [get_tlib_tadata : IRB.NSE, EOD_LOCAL, df : None, mainrun: True]
[2025-11-12 23:06:45,490] [app_imports.py:102 - printnlog()] [End Processing INDIAMART.NSE - time taken 2.3907 seconds. Avg 2.2531, time remaining 117.1612]
[2025-11-12 23:06:47,086] [app_imports.py:102 - printnlog()] [get_tlib_tadata : ITC.NSE, EOD_LOCAL, df : None, mainrun: True]
[2025-11-12 23:06:47,086] [app_imports.py:102 - printnlog()] [End Processing INDOTECH.NSE - time taken 3.3865 seconds. Avg 2.2762, time remaining 116.0862]
[2025-11-12 23:06:47,542] [app_imports.py:102 - printnlog()] [get_tlib_tadata : JINDRILL.NSE, EOD_LOCAL, df : None, mainrun: True]
[2025-11-12 23:06:47,543] [app_imports.py:102 - printnlog()] [End Processing INDSWFTLAB.NSE - time taken 2.3098 seconds. Avg 2.2769, time remaining 113.845]
[2025-11-12 23:06:47,686] [app_imports.py:102 - printnlog()] [get_tlib_tadata : JUSTDIAL.NSE, EOD_LOCAL, df : None, mainrun: True]
[2025-11-12 23:06:47,687] [app_imports.py:102 - printnlog()] [End Processing INDUSTOWER.NSE - time taken 2.3189 seconds. Avg 2.2777, time remaining 111.6073]
[2025-11-12 23:06:47,952] [app_imports.py:102 - printnlog()] [get_tlib_tadata : KHAITANLTD.NSE, EOD_LOCAL, df : None, mainrun: True]
[2025-11-12 23:06:47,953] [app_imports.py:102 - printnlog()] [End Processing IRB.NSE - time taken 2.4629 seconds. Avg 2.2813, time remaining 109.5024]
[2025-11-12 23:06:49,329] [app_imports.py:102 - printnlog()] [get_tlib_tadata : KRISHANA.NSE, EOD_LOCAL, df : None, mainrun: True]
[2025-11-12 23:06:49,329] [app_imports.py:102 - printnlog()] [End Processing ITC.NSE - time taken 2.2427 seconds. Avg 2.2805, time remaining 107.1835]
[2025-11-12 23:06:49,994] [app_imports.py:102 - printnlog()] [get_tlib_tadata : KSCL.NSE, EOD_LOCAL, df : None, mainrun: True]
[2025-11-12 23:06:49,994] [app_imports.py:102 - printnlog()] [End Processing JINDRILL.NSE - time taken 2.4513 seconds. Avg 2.2837, time remaining 105.0502]
[2025-11-12 23:06:50,206] [app_imports.py:102 - printnlog()] [get_tlib_tadata : LGBBROSLTD.NSE, EOD_LOCAL, df : None, mainrun: True]
[2025-11-12 23:06:50,207] [app_imports.py:102 - printnlog()] [End Processing JUSTDIAL.NSE - time taken 2.5194 seconds. Avg 2.288, time remaining 102.96]
[2025-11-12 23:06:50,706] [app_imports.py:102 - printnlog()] [get_tlib_tadata : MAITHANALL.NSE, EOD_LOCAL, df : None, mainrun: True]
[2025-11-12 23:06:50,706] [app_imports.py:102 - printnlog()] [End Processing KHAITANLTD.NSE - time taken 2.7533 seconds. Avg 2.2963, time remaining 101.0372]
[2025-11-12 23:06:49,726] [app_imports.py:102 - printnlog()] [get_tlib_tadata : MGL.NSE, EOD_LOCAL, df : None, mainrun: True]
[2025-11-12 23:06:49,726] [app_imports.py:102 - printnlog()] [End Processing KRISHANA.NSE - time taken 0.397 seconds. Avg 2.263, time remaining 97.309]
[2025-11-12 23:06:49,751] [app_imports.py:102 - printnlog()] [get_tlib_tadata : MHLXMIRU.NSE, EOD_LOCAL, df : None, mainrun: True]
[2025-11-12 23:06:49,752] [app_imports.py:102 - printnlog()] [End Processing KSCL.NSE - time taken -0.243 seconds. Avg 2.2198, time remaining 93.2316]
[2025-11-12 23:06:50,049] [app_imports.py:102 - printnlog()] [get_tlib_tadata : MONARCH.NSE, EOD_LOCAL, df : None, mainrun: True]
[2025-11-12 23:06:50,050] [app_imports.py:102 - printnlog()] [End Processing LGBBROSLTD.NSE - time taken -0.1572 seconds. Avg 2.1795, time remaining 89.3595]
[2025-11-12 23:06:51,243] [app_imports.py:102 - printnlog()] [get_tlib_tadata : MPSLTD.NSE, EOD_LOCAL, df : None, mainrun: True]
[2025-11-12 23:06:51,244] [app_imports.py:102 - printnlog()] [End Processing MAITHANALL.NSE - time taken 0.5375 seconds. Avg 2.1521, time remaining 86.084]
[2025-11-12 23:06:52,087] [app_imports.py:102 - printnlog()] [get_tlib_tadata : MUTHOOTFIN.NSE, EOD_LOCAL, df : None, mainrun: True]
[2025-11-12 23:06:52,088] [app_imports.py:102 - printnlog()] [End Processing MGL.NSE - time taken 2.3608 seconds. Avg 2.1555, time remaining 84.0645]
[2025-11-12 23:06:52,584] [app_imports.py:102 - printnlog()] [get_tlib_tadata : NAGREEKCAP.NSE, EOD_LOCAL, df : None, mainrun: True]
[2025-11-12 23:06:52,585] [app_imports.py:102 - printnlog()] [End Processing MHLXMIRU.NSE - time taken 2.8327 seconds. Avg 2.1665, time remaining 82.327]
[2025-11-12 23:06:52,585] [app_imports.py:102 - printnlog()] [get_tlib_tadata : NATCOPHARM.NSE, EOD_LOCAL, df : None, mainrun: True]
[2025-11-12 23:06:52,585] [app_imports.py:102 - printnlog()] [End Processing MONARCH.NSE - time taken 2.5354 seconds. Avg 2.1723, time remaining 80.3751]
[2025-11-12 23:06:53,522] [app_imports.py:102 - printnlog()] [get_tlib_tadata : NATIONALUM.NSE, EOD_LOCAL, df : None, mainrun: True]
[2025-11-12 23:06:53,523] [app_imports.py:102 - printnlog()] [End Processing MPSLTD.NSE - time taken 2.2785 seconds. Avg 2.174, time remaining 78.264]
[2025-11-12 23:06:54,434] [app_imports.py:102 - printnlog()] [get_tlib_tadata : NAVNETEDUL.NSE, EOD_LOCAL, df : None, mainrun: True]
[2025-11-12 23:06:54,434] [app_imports.py:102 - printnlog()] [End Processing MUTHOOTFIN.NSE - time taken 2.3457 seconds. Avg 2.1766, time remaining 76.181]
[2025-11-12 23:06:54,860] [app_imports.py:102 - printnlog()] [get_tlib_tadata : NESCO.NSE, EOD_LOCAL, df : None, mainrun: True]
[2025-11-12 23:06:54,860] [app_imports.py:102 - printnlog()] [End Processing NATCOPHARM.NSE - time taken 2.2747 seconds. Avg 2.1781, time remaining 74.0554]
[2025-11-12 23:06:55,337] [app_imports.py:102 - printnlog()] [get_tlib_tadata : NMDC.NSE, EOD_LOCAL, df : None, mainrun: True]
[2025-11-12 23:06:55,338] [app_imports.py:102 - printnlog()] [End Processing NAGREEKCAP.NSE - time taken 2.7527 seconds. Avg 2.1867, time remaining 72.1611]
[2025-11-12 23:06:55,886] [app_imports.py:102 - printnlog()] [get_tlib_tadata : NUCLEUS.NSE, EOD_LOCAL, df : None, mainrun: True]
[2025-11-12 23:06:55,886] [app_imports.py:102 - printnlog()] [End Processing NATIONALUM.NSE - time taken 2.363 seconds. Avg 2.1893, time remaining 70.0576]
[2025-11-12 23:06:56,773] [app_imports.py:102 - printnlog()] [get_tlib_tadata : NUVAMA.NSE, EOD_LOCAL, df : None, mainrun: True]
[2025-11-12 23:06:56,774] [app_imports.py:102 - printnlog()] [End Processing NAVNETEDUL.NSE - time taken 2.3394 seconds. Avg 2.1914, time remaining 67.9334]
[2025-11-12 23:06:57,269] [app_imports.py:102 - printnlog()] [get_tlib_tadata : OBEROIRLTY.NSE, EOD_LOCAL, df : None, mainrun: True]
[2025-11-12 23:06:57,269] [app_imports.py:102 - printnlog()] [End Processing NESCO.NSE - time taken 2.4083 seconds. Avg 2.1945, time remaining 65.835]
[2025-11-12 23:06:57,818] [app_imports.py:102 - printnlog()] [get_tlib_tadata : OFSS.NSE, EOD_LOCAL, df : None, mainrun: True]
[2025-11-12 23:06:57,819] [app_imports.py:102 - printnlog()] [End Processing NMDC.NSE - time taken 2.4811 seconds. Avg 2.1986, time remaining 63.7594]
[2025-11-12 23:06:58,911] [app_imports.py:102 - printnlog()] [get_tlib_tadata : ORBTEXP.NSE, EOD_LOCAL, df : None, mainrun: True]
[2025-11-12 23:06:58,912] [app_imports.py:102 - printnlog()] [End Processing NUCLEUS.NSE - time taken 3.0255 seconds. Avg 2.2101, time remaining 61.8828]
[2025-11-12 23:06:59,541] [app_imports.py:102 - printnlog()] [get_tlib_tadata : OSWALAGRO.NSE, EOD_LOCAL, df : None, mainrun: True]
[2025-11-12 23:06:59,541] [app_imports.py:102 - printnlog()] [End Processing OBEROIRLTY.NSE - time taken 2.2718 seconds. Avg 2.2109, time remaining 59.6943]
[2025-11-12 23:06:59,855] [app_imports.py:102 - printnlog()] [get_tlib_tadata : PCJEWELLER.NSE, EOD_LOCAL, df : None, mainrun: True]
[2025-11-12 23:06:59,855] [app_imports.py:102 - printnlog()] [End Processing NUVAMA.NSE - time taken 3.0811 seconds. Avg 2.2227, time remaining 57.7902]
[2025-11-12 23:07:00,323] [app_imports.py:102 - printnlog()] [get_tlib_tadata : PFC.NSE, EOD_LOCAL, df : None, mainrun: True]
[2025-11-12 23:07:00,323] [app_imports.py:102 - printnlog()] [End Processing OFSS.NSE - time taken 2.5037 seconds. Avg 2.2264, time remaining 55.66]
[2025-11-12 23:07:01,858] [app_imports.py:102 - printnlog()] [get_tlib_tadata : PFIZER.NSE, EOD_LOCAL, df : None, mainrun: True]
[2025-11-12 23:07:01,859] [app_imports.py:102 - printnlog()] [End Processing ORBTEXP.NSE - time taken 2.9463 seconds. Avg 2.2359, time remaining 53.6616]
[2025-11-12 23:07:01,909] [app_imports.py:102 - printnlog()] [get_tlib_tadata : PGHL.NSE, EOD_LOCAL, df : None, mainrun: True]
[2025-11-12 23:07:01,909] [app_imports.py:102 - printnlog()] [End Processing OSWALAGRO.NSE - time taken 2.3677 seconds. Avg 2.2376, time remaining 51.4648]
[2025-11-12 23:07:02,314] [app_imports.py:102 - printnlog()] [get_tlib_tadata : POWERMECH.NSE, EOD_LOCAL, df : None, mainrun: True]
[2025-11-12 23:07:02,314] [app_imports.py:102 - printnlog()] [End Processing PCJEWELLER.NSE - time taken 2.4585 seconds. Avg 2.2404, time remaining 49.2888]
[2025-11-12 23:07:02,754] [app_imports.py:102 - printnlog()] [get_tlib_tadata : RPGLIFE.NSE, EOD_LOCAL, df : None, mainrun: True]
[2025-11-12 23:07:02,754] [app_imports.py:102 - printnlog()] [End Processing PFC.NSE - time taken 2.4308 seconds. Avg 2.2428, time remaining 47.0988]
[2025-11-12 23:07:04,193] [app_imports.py:102 - printnlog()] [get_tlib_tadata : SANDUMA.NSE, EOD_LOCAL, df : None, mainrun: True]
[2025-11-12 23:07:04,194] [app_imports.py:102 - printnlog()] [End Processing PGHL.NSE - time taken 2.2844 seconds. Avg 2.2434, time remaining 44.868]
[2025-11-12 23:07:04,212] [app_imports.py:102 - printnlog()] [get_tlib_tadata : SANGHVIMOV.NSE, EOD_LOCAL, df : None, mainrun: True]
[2025-11-12 23:07:04,213] [app_imports.py:102 - printnlog()] [End Processing PFIZER.NSE - time taken 2.3539 seconds. Avg 2.2447, time remaining 42.6493]
[2025-11-12 23:07:04,733] [app_imports.py:102 - printnlog()] [get_tlib_tadata : SHREERAMA.NSE, EOD_LOCAL, df : None, mainrun: True]
[2025-11-12 23:07:04,733] [app_imports.py:102 - printnlog()] [End Processing POWERMECH.NSE - time taken 2.4188 seconds. Avg 2.2468, time remaining 40.4424]
[2025-11-12 23:07:05,148] [app_imports.py:102 - printnlog()] [get_tlib_tadata : SHRIPISTON.NSE, EOD_LOCAL, df : None, mainrun: True]
[2025-11-12 23:07:05,148] [app_imports.py:102 - printnlog()] [End Processing RPGLIFE.NSE - time taken 2.3937 seconds. Avg 2.2486, time remaining 38.2262]
[2025-11-12 23:07:06,610] [app_imports.py:102 - printnlog()] [get_tlib_tadata : SKYGOLD.NSE, EOD_LOCAL, df : None, mainrun: True]
[2025-11-12 23:07:06,611] [app_imports.py:102 - printnlog()] [End Processing SANGHVIMOV.NSE - time taken 2.3976 seconds. Avg 2.2504, time remaining 36.0064]
[2025-11-12 23:07:06,664] [app_imports.py:102 - printnlog()] [get_tlib_tadata : SOMATEX.NSE, EOD_LOCAL, df : None, mainrun: True]
[2025-11-12 23:07:06,665] [app_imports.py:102 - printnlog()] [End Processing SANDUMA.NSE - time taken 2.4705 seconds. Avg 2.253, time remaining 33.795]
[2025-11-12 23:07:07,542] [app_imports.py:102 - printnlog()] [get_tlib_tadata : SPAL.NSE, EOD_LOCAL, df : None, mainrun: True]
[2025-11-12 23:07:07,542] [app_imports.py:102 - printnlog()] [End Processing SHREERAMA.NSE - time taken 2.8086 seconds. Avg 2.2594, time remaining 31.6316]
[2025-11-12 23:07:07,642] [app_imports.py:102 - printnlog()] [get_tlib_tadata : STEELCAS.NSE, EOD_LOCAL, df : None, mainrun: True]
[2025-11-12 23:07:07,642] [app_imports.py:102 - printnlog()] [End Processing SHRIPISTON.NSE - time taken 2.4936 seconds. Avg 2.2621, time remaining 29.4073]
[2025-11-12 23:07:08,999] [app_imports.py:102 - printnlog()] [get_tlib_tadata : STYLAMIND.NSE, EOD_LOCAL, df : None, mainrun: True]
[2025-11-12 23:07:09,000] [app_imports.py:102 - printnlog()] [End Processing SKYGOLD.NSE - time taken 2.3887 seconds. Avg 2.2636, time remaining 27.1632]
[2025-11-12 23:07:09,115] [app_imports.py:102 - printnlog()] [get_tlib_tadata : SUNTV.NSE, EOD_LOCAL, df : None, mainrun: True]
[2025-11-12 23:07:09,115] [app_imports.py:102 - printnlog()] [End Processing SOMATEX.NSE - time taken 2.4503 seconds. Avg 2.2657, time remaining 24.9227]
[2025-11-12 23:07:10,001] [app_imports.py:102 - printnlog()] [get_tlib_tadata : TEMBO.NSE, EOD_LOCAL, df : None, mainrun: True]
[2025-11-12 23:07:10,002] [app_imports.py:102 - printnlog()] [End Processing STEELCAS.NSE - time taken 2.3592 seconds. Avg 2.2667, time remaining 22.667]
[2025-11-12 23:07:10,080] [app_imports.py:102 - printnlog()] [get_tlib_tadata : TIPSMUSIC.NSE, EOD_LOCAL, df : None, mainrun: True]
[2025-11-12 23:07:10,081] [app_imports.py:102 - printnlog()] [End Processing SPAL.NSE - time taken 2.5381 seconds. Avg 2.2697, time remaining 20.4273]
[2025-11-12 23:07:11,492] [app_imports.py:102 - printnlog()] [get_tlib_tadata : TOUCHWOOD.NSE, EOD_LOCAL, df : None, mainrun: True]
[2025-11-12 23:07:11,493] [app_imports.py:102 - printnlog()] [End Processing STYLAMIND.NSE - time taken 2.493 seconds. Avg 2.2721, time remaining 18.1768]
[2025-11-12 23:07:11,638] [app_imports.py:102 - printnlog()] [get_tlib_tadata : VEDL.NSE, EOD_LOCAL, df : None, mainrun: True]
[2025-11-12 23:07:11,639] [app_imports.py:102 - printnlog()] [End Processing SUNTV.NSE - time taken 2.5233 seconds. Avg 2.2748, time remaining 15.9236]
[2025-11-12 23:07:12,269] [app_imports.py:102 - printnlog()] [get_tlib_tadata : VOLTAMP.NSE, EOD_LOCAL, df : None, mainrun: True]
[2025-11-12 23:07:12,270] [app_imports.py:102 - printnlog()] [End Processing TIPSMUSIC.NSE - time taken 2.1888 seconds. Avg 2.2739, time remaining 13.6434]
[2025-11-12 23:07:12,966] [app_imports.py:102 - printnlog()] [get_tlib_tadata : WEBELSOLAR.NSE, EOD_LOCAL, df : None, mainrun: True]
[2025-11-12 23:07:12,966] [app_imports.py:102 - printnlog()] [End Processing TEMBO.NSE - time taken 2.9644 seconds. Avg 2.2812, time remaining 11.406]
[2025-11-12 23:07:14,018] [app_imports.py:102 - printnlog()] [get_tlib_tadata : WELCORP.NSE, EOD_LOCAL, df : None, mainrun: True]
[2025-11-12 23:07:14,019] [app_imports.py:102 - printnlog()] [End Processing VEDL.NSE - time taken 2.3795 seconds. Avg 2.2822, time remaining 9.1288]
[2025-11-12 23:07:14,251] [app_imports.py:102 - printnlog()] [End Processing TOUCHWOOD.NSE - time taken 2.7577 seconds. Avg 2.2871, time remaining 6.8613]
[2025-11-12 23:07:15,609] [app_imports.py:102 - printnlog()] [End Processing WEBELSOLAR.NSE - time taken 2.6419 seconds. Avg 2.2907, time remaining 4.5814]
[2025-11-12 23:07:15,703] [app_imports.py:102 - printnlog()] [End Processing VOLTAMP.NSE - time taken 3.4325 seconds. Avg 2.3022, time remaining 2.3022]
[2025-11-12 23:07:16,605] [app_imports.py:102 - printnlog()] [End Processing WELCORP.NSE - time taken 2.5862 seconds. Avg 2.3051, time remaining 0.0]
[2025-11-12 23:07:16,810] [ta_signals_mc_parallel.py:1059 - main()] [Inserted 99 rows into eod_tas_listings_temp]
[2025-11-12 23:07:16,878] [ta_signals_mc_parallel.py:1082 - main()] [Deleted 99 rows from eod_tas_listings]
[2025-11-12 23:07:17,038] [ta_signals_mc_parallel.py:1116 - main()] [99 rows inserted into eod_tas_listings]
