[2025-11-12 19:53:14,334] [app_imports.py:102 - printnlog()] {'PRICE_SOURCE': 'EOD_LOCAL', 'DIWidth_Strong_threshold': 15, 'DIWidth_Average_threshold': 10, 'ADX_Strong_threshold': 25, 'ADX_Average_threshold': 20, 'EMA_CROSS_LOOKBACK': 3, 'SMA_CROSS_LOOKBACK': 10, 'HISTORY_BARS': 600, 'tal_master_tablename': 'eod_tas_listings', 'FUNDAMENTALS_TABLENAME': 'eod_gem_listings', 'CLOSING_PRICES_FUNCTION': <function get_historic_prices_from_eod_local at 0x70965802fc70>, 'LAST_PRICES_DETLS_FUNCTION': <function eod_lastPriceDetails at 0x709659901d80>, 'WATCHLIST_TABLENAME': 'eod_watchlist', 'tal_temp_tablename': 'eod_tas_listings_temp'}
[2025-11-12 19:53:14,489] [app_imports.py:102 - printnlog()] [Count of total Symbols : 100]
[2025-11-12 19:53:14,559] [ta_signals_mc_parallel.py:123 - ensure_output_table()] [ensure_output_table] CREATE TABLE IF NOT EXISTS executed for eod_tas_listings_temp
[2025-11-12 19:53:14,821] [ta_signals_mc_parallel.py:123 - ensure_output_table()] [ensure_output_table] CREATE TABLE IF NOT EXISTS executed for eod_tas_listings
[2025-11-12 19:53:15,012] [ta_signals_mc_parallel.py:967 - main()] [Ensured tables eod_tas_listings_temp and eod_tas_listings exist with canonical schema]
[2025-11-12 19:53:15,012] [app_imports.py:102 - printnlog()] [Deleting outdated records from temporary table]
[2025-11-12 19:53:15,114] [ta_signals_mc_parallel.py:983 - main()] [Delete operation completed successfully]
[2025-11-12 19:53:15,151] [app_imports.py:102 - printnlog()] [get_tlib_tadata : ABBOTINDIA.NSE, EOD_LOCAL, df : None, mainrun: True]
[2025-11-12 19:53:15,151] [app_imports.py:102 - printnlog()] [get_tlib_tadata : ADVANIHOTR.NSE, EOD_LOCAL, df : None, mainrun: True]
[2025-11-12 19:53:15,151] [app_imports.py:102 - printnlog()] [get_tlib_tadata : ABSLAMC.NSE, EOD_LOCAL, df : None, mainrun: True]
[2025-11-12 19:53:15,151] [app_imports.py:102 - printnlog()] [get_tlib_tadata : ADANIPORTS.NSE, EOD_LOCAL, df : None, mainrun: True]
[2025-11-12 19:53:17,744] [app_imports.py:102 - printnlog()] [get_tlib_tadata : AIAENG.NSE, EOD_LOCAL, df : None, mainrun: True]
[2025-11-12 19:53:17,746] [app_imports.py:102 - printnlog()] [End Processing ABBOTINDIA.NSE - time taken 2.5929 seconds. Avg 2.5929, time remaining 256.6971]
[2025-11-12 19:53:17,753] [app_imports.py:102 - printnlog()] [get_tlib_tadata : AJANTPHARM.NSE, EOD_LOCAL, df : None, mainrun: True]
[2025-11-12 19:53:17,753] [app_imports.py:102 - printnlog()] [End Processing ABSLAMC.NSE - time taken 2.6011 seconds. Avg 2.597, time remaining 254.506]
[2025-11-12 19:53:18,030] [app_imports.py:102 - printnlog()] [get_tlib_tadata : ARVSMART.NSE, EOD_LOCAL, df : None, mainrun: True]
[2025-11-12 19:53:18,031] [app_imports.py:102 - printnlog()] [End Processing ADANIPORTS.NSE - time taken 2.8781 seconds. Avg 2.6907, time remaining 260.9979]
[2025-11-12 19:53:18,193] [app_imports.py:102 - printnlog()] [get_tlib_tadata : ASIANHOTNR.NSE, EOD_LOCAL, df : None, mainrun: True]
[2025-11-12 19:53:18,194] [app_imports.py:102 - printnlog()] [End Processing ADVANIHOTR.NSE - time taken 3.0417 seconds. Avg 2.7785, time remaining 266.736]
[2025-11-12 19:53:19,976] [app_imports.py:102 - printnlog()] [get_tlib_tadata : BAJAJ-AUTO.NSE, EOD_LOCAL, df : None, mainrun: True]
[2025-11-12 19:53:19,977] [app_imports.py:102 - printnlog()] [End Processing AJANTPHARM.NSE - time taken 2.2232 seconds. Avg 2.6674, time remaining 253.403]
[2025-11-12 19:53:20,017] [app_imports.py:102 - printnlog()] [get_tlib_tadata : BBTC.NSE, EOD_LOCAL, df : None, mainrun: True]
[2025-11-12 19:53:20,018] [app_imports.py:102 - printnlog()] [End Processing AIAENG.NSE - time taken 2.2728 seconds. Avg 2.6016, time remaining 244.5504]
[2025-11-12 19:53:20,258] [app_imports.py:102 - printnlog()] [get_tlib_tadata : BHARTIARTL.NSE, EOD_LOCAL, df : None, mainrun: True]
[2025-11-12 19:53:20,259] [app_imports.py:102 - printnlog()] [End Processing ARVSMART.NSE - time taken 2.2279 seconds. Avg 2.5482, time remaining 236.9826]
[2025-11-12 19:53:20,952] [app_imports.py:102 - printnlog()] [get_tlib_tadata : BLS.NSE, EOD_LOCAL, df : None, mainrun: True]
[2025-11-12 19:53:20,953] [app_imports.py:102 - printnlog()] [End Processing ASIANHOTNR.NSE - time taken 2.7587 seconds. Avg 2.5746, time remaining 236.8632]
[2025-11-12 19:53:22,295] [app_imports.py:102 - printnlog()] [get_tlib_tadata : BLUEJET.NSE, EOD_LOCAL, df : None, mainrun: True]
[2025-11-12 19:53:22,295] [app_imports.py:102 - printnlog()] [End Processing BAJAJ-AUTO.NSE - time taken 2.318 seconds. Avg 2.546, time remaining 231.686]
[2025-11-12 19:53:22,324] [app_imports.py:102 - printnlog()] [get_tlib_tadata : BSE.NSE, EOD_LOCAL, df : None, mainrun: True]
[2025-11-12 19:53:22,324] [app_imports.py:102 - printnlog()] [End Processing BBTC.NSE - time taken 2.3062 seconds. Avg 2.5221, time remaining 226.989]
[2025-11-12 19:53:22,653] [app_imports.py:102 - printnlog()] [get_tlib_tadata : CAMS.NSE, EOD_LOCAL, df : None, mainrun: True]
[2025-11-12 19:53:22,654] [app_imports.py:102 - printnlog()] [End Processing BHARTIARTL.NSE - time taken 2.3946 seconds. Avg 2.5105, time remaining 223.4345]
[2025-11-12 19:53:20,763] [app_imports.py:102 - printnlog()] [get_tlib_tadata : CAPLIPOINT.NSE, EOD_LOCAL, df : None, mainrun: True]
[2025-11-12 19:53:20,765] [app_imports.py:102 - printnlog()] [End Processing BLS.NSE - time taken -0.1898 seconds. Avg 2.2855, time remaining 201.124]
[2025-11-12 19:53:21,751] [app_imports.py:102 - printnlog()] [get_tlib_tadata : CCCL.NSE, EOD_LOCAL, df : None, mainrun: True]
[2025-11-12 19:53:21,751] [app_imports.py:102 - printnlog()] [End Processing BLUEJET.NSE - time taken -0.5443 seconds. Avg 2.0678, time remaining 179.8986]
[2025-11-12 19:53:22,094] [app_imports.py:102 - printnlog()] [get_tlib_tadata : CHAMBLFERT.NSE, EOD_LOCAL, df : None, mainrun: True]
[2025-11-12 19:53:22,096] [app_imports.py:102 - printnlog()] [End Processing BSE.NSE - time taken -0.2296 seconds. Avg 1.9037, time remaining 163.7182]
[2025-11-12 19:53:22,330] [app_imports.py:102 - printnlog()] [get_tlib_tadata : COALINDIA.NSE, EOD_LOCAL, df : None, mainrun: True]
[2025-11-12 19:53:22,330] [app_imports.py:102 - printnlog()] [End Processing CAMS.NSE - time taken -0.3235 seconds. Avg 1.7552, time remaining 149.192]
[2025-11-12 19:53:22,993] [app_imports.py:102 - printnlog()] [get_tlib_tadata : CONTROLPR.NSE, EOD_LOCAL, df : None, mainrun: True]
[2025-11-12 19:53:22,993] [app_imports.py:102 - printnlog()] [End Processing CAPLIPOINT.NSE - time taken 2.2296 seconds. Avg 1.7849, time remaining 149.9316]
[2025-11-12 19:53:24,287] [app_imports.py:102 - printnlog()] [get_tlib_tadata : COROMANDEL.NSE, EOD_LOCAL, df : None, mainrun: True]
[2025-11-12 19:53:24,288] [app_imports.py:102 - printnlog()] [End Processing CHAMBLFERT.NSE - time taken 2.1927 seconds. Avg 1.8088, time remaining 150.1304]
[2025-11-12 19:53:24,512] [app_imports.py:102 - printnlog()] [get_tlib_tadata : CROWN.NSE, EOD_LOCAL, df : None, mainrun: True]
[2025-11-12 19:53:24,513] [app_imports.py:102 - printnlog()] [End Processing COALINDIA.NSE - time taken 2.1819 seconds. Avg 1.8296, time remaining 150.0272]
[2025-11-12 19:53:25,274] [app_imports.py:102 - printnlog()] [get_tlib_tadata : DBCORP.NSE, EOD_LOCAL, df : None, mainrun: True]
[2025-11-12 19:53:25,275] [app_imports.py:102 - printnlog()] [End Processing CONTROLPR.NSE - time taken 2.2807 seconds. Avg 1.8533, time remaining 150.1173]
[2025-11-12 19:53:25,363] [app_imports.py:102 - printnlog()] [get_tlib_tadata : DGCONTENT.NSE, EOD_LOCAL, df : None, mainrun: True]
[2025-11-12 19:53:25,363] [app_imports.py:102 - printnlog()] [End Processing CCCL.NSE - time taken 3.6118 seconds. Avg 1.9412, time remaining 155.296]
[2025-11-12 19:53:26,550] [app_imports.py:102 - printnlog()] [get_tlib_tadata : DHANUKA.NSE, EOD_LOCAL, df : None, mainrun: True]
[2025-11-12 19:53:26,551] [app_imports.py:102 - printnlog()] [End Processing COROMANDEL.NSE - time taken 2.2627 seconds. Avg 1.9565, time remaining 154.5635]
[2025-11-12 19:53:27,444] [app_imports.py:102 - printnlog()] [get_tlib_tadata : DIGJAMLTD.NSE, EOD_LOCAL, df : None, mainrun: True]
[2025-11-12 19:53:27,445] [app_imports.py:102 - printnlog()] [End Processing DBCORP.NSE - time taken 2.1706 seconds. Avg 1.9663, time remaining 153.3714]
[2025-11-12 19:53:28,263] [app_imports.py:102 - printnlog()] [get_tlib_tadata : DRCSYSTEMS.NSE, EOD_LOCAL, df : None, mainrun: True]
[2025-11-12 19:53:28,264] [app_imports.py:102 - printnlog()] [End Processing CROWN.NSE - time taken 3.751 seconds. Avg 2.0439, time remaining 157.3803]
[2025-11-12 19:53:28,673] [app_imports.py:102 - printnlog()] [get_tlib_tadata : ECLERX.NSE, EOD_LOCAL, df : None, mainrun: True]
[2025-11-12 19:53:28,674] [app_imports.py:102 - printnlog()] [End Processing DGCONTENT.NSE - time taken 3.3103 seconds. Avg 2.0966, time remaining 159.3416]
[2025-11-12 19:53:28,729] [app_imports.py:102 - printnlog()] [get_tlib_tadata : EICHERMOT.NSE, EOD_LOCAL, df : None, mainrun: True]
[2025-11-12 19:53:28,730] [app_imports.py:102 - printnlog()] [End Processing DHANUKA.NSE - time taken 2.1784 seconds. Avg 2.0999, time remaining 157.4925]
[2025-11-12 19:53:29,894] [app_imports.py:102 - printnlog()] [get_tlib_tadata : EMSLIMITED.NSE, EOD_LOCAL, df : None, mainrun: True]
[2025-11-12 19:53:29,894] [app_imports.py:102 - printnlog()] [End Processing DIGJAMLTD.NSE - time taken 2.4488 seconds. Avg 2.1133, time remaining 156.3842]
[2025-11-12 19:53:30,523] [app_imports.py:102 - printnlog()] [get_tlib_tadata : EPIGRAL.NSE, EOD_LOCAL, df : None, mainrun: True]
[2025-11-12 19:53:30,524] [app_imports.py:102 - printnlog()] [End Processing DRCSYSTEMS.NSE - time taken 2.26 seconds. Avg 2.1188, time remaining 154.6724]
[2025-11-12 19:53:30,890] [app_imports.py:102 - printnlog()] [get_tlib_tadata : FIEMIND.NSE, EOD_LOCAL, df : None, mainrun: True]
[2025-11-12 19:53:30,891] [app_imports.py:102 - printnlog()] [End Processing ECLERX.NSE - time taken 2.2163 seconds. Avg 2.1222, time remaining 152.7984]
[2025-11-12 19:53:31,014] [app_imports.py:102 - printnlog()] [get_tlib_tadata : FINEORG.NSE, EOD_LOCAL, df : None, mainrun: True]
[2025-11-12 19:53:31,015] [app_imports.py:102 - printnlog()] [End Processing EICHERMOT.NSE - time taken 2.285 seconds. Avg 2.1279, time remaining 151.0809]
[2025-11-12 19:53:31,951] [app_imports.py:102 - printnlog()] [get_tlib_tadata : GANDHITUBE.NSE, EOD_LOCAL, df : None, mainrun: True]
[2025-11-12 19:53:31,952] [app_imports.py:102 - printnlog()] [End Processing EMSLIMITED.NSE - time taken 2.0572 seconds. Avg 2.1255, time remaining 148.785]
[2025-11-12 19:53:32,638] [app_imports.py:102 - printnlog()] [get_tlib_tadata : GATECH.NSE, EOD_LOCAL, df : None, mainrun: True]
[2025-11-12 19:53:32,638] [app_imports.py:102 - printnlog()] [End Processing EPIGRAL.NSE - time taken 2.1139 seconds. Avg 2.1251, time remaining 146.6319]
[2025-11-12 19:53:33,096] [app_imports.py:102 - printnlog()] [get_tlib_tadata : GATEWAY.NSE, EOD_LOCAL, df : None, mainrun: True]
[2025-11-12 19:53:33,097] [app_imports.py:102 - printnlog()] [End Processing FIEMIND.NSE - time taken 2.2063 seconds. Avg 2.1277, time remaining 144.6836]
[2025-11-12 19:53:33,254] [app_imports.py:102 - printnlog()] [get_tlib_tadata : GESHIP.NSE, EOD_LOCAL, df : None, mainrun: True]
[2025-11-12 19:53:33,255] [app_imports.py:102 - printnlog()] [End Processing FINEORG.NSE - time taken 2.2394 seconds. Avg 2.131, time remaining 142.777]
[2025-11-12 19:53:34,241] [app_imports.py:102 - printnlog()] [get_tlib_tadata : GHCL.NSE, EOD_LOCAL, df : None, mainrun: True]
[2025-11-12 19:53:34,242] [app_imports.py:102 - printnlog()] [End Processing GANDHITUBE.NSE - time taken 2.2896 seconds. Avg 2.1357, time remaining 140.9562]
[2025-11-12 19:53:34,895] [app_imports.py:102 - printnlog()] [get_tlib_tadata : GRWRHITECH.NSE, EOD_LOCAL, df : None, mainrun: True]
[2025-11-12 19:53:34,895] [app_imports.py:102 - printnlog()] [End Processing GATECH.NSE - time taken 2.2567 seconds. Avg 2.1392, time remaining 139.048]
[2025-11-12 19:53:35,378] [app_imports.py:102 - printnlog()] [get_tlib_tadata : GULFOILLUB.NSE, EOD_LOCAL, df : None, mainrun: True]
[2025-11-12 19:53:35,378] [app_imports.py:102 - printnlog()] [End Processing GATEWAY.NSE - time taken 2.2809 seconds. Avg 2.1431, time remaining 137.1584]
[2025-11-12 19:53:35,562] [app_imports.py:102 - printnlog()] [get_tlib_tadata : HDFCAMC.NSE, EOD_LOCAL, df : None, mainrun: True]
[2025-11-12 19:53:35,563] [app_imports.py:102 - printnlog()] [End Processing GESHIP.NSE - time taken 2.3078 seconds. Avg 2.1476, time remaining 135.2988]
[2025-11-12 19:53:36,571] [app_imports.py:102 - printnlog()] [get_tlib_tadata : HDFCBANK.NSE, EOD_LOCAL, df : None, mainrun: True]
[2025-11-12 19:53:36,572] [app_imports.py:102 - printnlog()] [End Processing GHCL.NSE - time taken 2.3301 seconds. Avg 2.1524, time remaining 133.4488]
[2025-11-12 19:53:37,083] [app_imports.py:102 - printnlog()] [get_tlib_tadata : HEADSUP.NSE, EOD_LOCAL, df : None, mainrun: True]
[2025-11-12 19:53:37,084] [app_imports.py:102 - printnlog()] [End Processing GRWRHITECH.NSE - time taken 2.1883 seconds. Avg 2.1533, time remaining 131.3513]
[2025-11-12 19:53:37,594] [app_imports.py:102 - printnlog()] [get_tlib_tadata : HECPROJECT.NSE, EOD_LOCAL, df : None, mainrun: True]
[2025-11-12 19:53:37,595] [app_imports.py:102 - printnlog()] [End Processing GULFOILLUB.NSE - time taken 2.216 seconds. Avg 2.1549, time remaining 129.294]
[2025-11-12 19:53:37,934] [app_imports.py:102 - printnlog()] [get_tlib_tadata : HEROMOTOCO.NSE, EOD_LOCAL, df : None, mainrun: True]
[2025-11-12 19:53:37,935] [app_imports.py:102 - printnlog()] [End Processing HDFCAMC.NSE - time taken 2.3715 seconds. Avg 2.1601, time remaining 127.4459]
[2025-11-12 19:53:38,967] [app_imports.py:102 - printnlog()] [get_tlib_tadata : HOVS.NSE, EOD_LOCAL, df : None, mainrun: True]
[2025-11-12 19:53:38,967] [app_imports.py:102 - printnlog()] [End Processing HDFCBANK.NSE - time taken 2.3949 seconds. Avg 2.1657, time remaining 125.6106]
[2025-11-12 19:53:39,602] [app_imports.py:102 - printnlog()] [get_tlib_tadata : HUBTOWN.NSE, EOD_LOCAL, df : None, mainrun: True]
[2025-11-12 19:53:39,603] [app_imports.py:102 - printnlog()] [End Processing HEADSUP.NSE - time taken 2.5185 seconds. Avg 2.1739, time remaining 123.9123]
[2025-11-12 19:53:39,762] [app_imports.py:102 - printnlog()] [get_tlib_tadata : INDIAMART.NSE, EOD_LOCAL, df : None, mainrun: True]
[2025-11-12 19:53:39,763] [app_imports.py:102 - printnlog()] [End Processing HECPROJECT.NSE - time taken 2.1682 seconds. Avg 2.1738, time remaining 121.7328]
[2025-11-12 19:53:40,119] [app_imports.py:102 - printnlog()] [get_tlib_tadata : INDOTECH.NSE, EOD_LOCAL, df : None, mainrun: True]
[2025-11-12 19:53:40,120] [app_imports.py:102 - printnlog()] [End Processing HEROMOTOCO.NSE - time taken 2.185 seconds. Avg 2.174, time remaining 119.57]
[2025-11-12 19:53:40,828] [app_imports.py:102 - printnlog()] [get_tlib_tadata : INDSWFTLAB.NSE, EOD_LOCAL, df : None, mainrun: True]
[2025-11-12 19:53:40,828] [ta_signals_mc_parallel.py:999 - main()] [get_tlib_tadata Error : could not convert string to float: 'NA', 
 Traceback (most recent call last):
  File "/home/ram/dev/LOI/LOI-prod-server-v8/server/ta_signals_mc_parallel.py", line 870, in process_symbol
    df_row = get_tlib_tadata(underlying=symbol, price_source=price_source, my_logger=my_logger)
  File "/home/ram/dev/LOI/LOI-prod-server-v8/server/ta_signals_mc_parallel.py", line 791, in get_tlib_tadata
    d['TodayPrice'] = float(result.get('TodayPrice', 0.0) or 0.0)
ValueError: could not convert string to float: 'NA'
]
[2025-11-12 19:53:42,110] [app_imports.py:102 - printnlog()] [get_tlib_tadata : INDUSTOWER.NSE, EOD_LOCAL, df : None, mainrun: True]
[2025-11-12 19:53:42,111] [app_imports.py:102 - printnlog()] [End Processing INDIAMART.NSE - time taken 2.3478 seconds. Avg 2.1315, time remaining 112.9695]
[2025-11-12 19:53:42,423] [app_imports.py:102 - printnlog()] [get_tlib_tadata : IRB.NSE, EOD_LOCAL, df : None, mainrun: True]
[2025-11-12 19:53:42,424] [app_imports.py:102 - printnlog()] [End Processing INDOTECH.NSE - time taken 2.3033 seconds. Avg 2.1351, time remaining 111.0252]
[2025-11-12 19:53:42,968] [app_imports.py:102 - printnlog()] [get_tlib_tadata : ITC.NSE, EOD_LOCAL, df : None, mainrun: True]
[2025-11-12 19:53:42,969] [app_imports.py:102 - printnlog()] [End Processing HUBTOWN.NSE - time taken 3.3657 seconds. Avg 2.1602, time remaining 110.1702]
[2025-11-12 19:53:43,185] [app_imports.py:102 - printnlog()] [get_tlib_tadata : JINDRILL.NSE, EOD_LOCAL, df : None, mainrun: True]
[2025-11-12 19:53:43,186] [app_imports.py:102 - printnlog()] [End Processing INDSWFTLAB.NSE - time taken 2.3572 seconds. Avg 2.1641, time remaining 108.205]
[2025-11-12 19:53:44,368] [app_imports.py:102 - printnlog()] [get_tlib_tadata : JUSTDIAL.NSE, EOD_LOCAL, df : None, mainrun: True]
[2025-11-12 19:53:44,368] [app_imports.py:102 - printnlog()] [End Processing INDUSTOWER.NSE - time taken 2.2571 seconds. Avg 2.1659, time remaining 106.1291]
[2025-11-12 19:53:44,953] [app_imports.py:102 - printnlog()] [get_tlib_tadata : KHAITANLTD.NSE, EOD_LOCAL, df : None, mainrun: True]
[2025-11-12 19:53:44,954] [app_imports.py:102 - printnlog()] [End Processing IRB.NSE - time taken 2.5301 seconds. Avg 2.1729, time remaining 104.2992]
[2025-11-12 19:53:45,328] [app_imports.py:102 - printnlog()] [get_tlib_tadata : KRISHANA.NSE, EOD_LOCAL, df : None, mainrun: True]
[2025-11-12 19:53:45,329] [app_imports.py:102 - printnlog()] [End Processing ITC.NSE - time taken 2.3598 seconds. Avg 2.1765, time remaining 102.2955]
[2025-11-12 19:53:45,541] [app_imports.py:102 - printnlog()] [get_tlib_tadata : KSCL.NSE, EOD_LOCAL, df : None, mainrun: True]
[2025-11-12 19:53:45,542] [app_imports.py:102 - printnlog()] [End Processing JINDRILL.NSE - time taken 2.3558 seconds. Avg 2.1798, time remaining 100.2708]
[2025-11-12 19:53:46,636] [app_imports.py:102 - printnlog()] [get_tlib_tadata : LGBBROSLTD.NSE, EOD_LOCAL, df : None, mainrun: True]
[2025-11-12 19:53:46,636] [app_imports.py:102 - printnlog()] [End Processing JUSTDIAL.NSE - time taken 2.2675 seconds. Avg 2.1814, time remaining 98.163]
[2025-11-12 19:53:47,839] [app_imports.py:102 - printnlog()] [get_tlib_tadata : MAITHANALL.NSE, EOD_LOCAL, df : None, mainrun: True]
[2025-11-12 19:53:47,840] [app_imports.py:102 - printnlog()] [End Processing KSCL.NSE - time taken 2.2977 seconds. Avg 2.1835, time remaining 96.074]
[2025-11-12 19:53:47,896] [app_imports.py:102 - printnlog()] [get_tlib_tadata : MGL.NSE, EOD_LOCAL, df : None, mainrun: True]
[2025-11-12 19:53:47,897] [app_imports.py:102 - printnlog()] [End Processing KHAITANLTD.NSE - time taken 2.9428 seconds. Avg 2.1968, time remaining 94.4624]
[2025-11-12 19:53:48,233] [app_imports.py:102 - printnlog()] [get_tlib_tadata : MHLXMIRU.NSE, EOD_LOCAL, df : None, mainrun: True]
[2025-11-12 19:53:48,233] [app_imports.py:102 - printnlog()] [End Processing KRISHANA.NSE - time taken 2.9043 seconds. Avg 2.209, time remaining 92.778]
[2025-11-12 19:53:49,052] [app_imports.py:102 - printnlog()] [get_tlib_tadata : MONARCH.NSE, EOD_LOCAL, df : None, mainrun: True]
[2025-11-12 19:53:49,053] [app_imports.py:102 - printnlog()] [End Processing LGBBROSLTD.NSE - time taken 2.4159 seconds. Avg 2.2125, time remaining 90.7125]
[2025-11-12 19:53:50,191] [app_imports.py:102 - printnlog()] [get_tlib_tadata : MPSLTD.NSE, EOD_LOCAL, df : None, mainrun: True]
[2025-11-12 19:53:50,192] [app_imports.py:102 - printnlog()] [End Processing MGL.NSE - time taken 2.2944 seconds. Avg 2.2139, time remaining 88.556]
[2025-11-12 19:53:50,747] [app_imports.py:102 - printnlog()] [get_tlib_tadata : MUTHOOTFIN.NSE, EOD_LOCAL, df : None, mainrun: True]
[2025-11-12 19:53:50,748] [app_imports.py:102 - printnlog()] [End Processing MAITHANALL.NSE - time taken 2.9075 seconds. Avg 2.2252, time remaining 86.7828]
[2025-11-12 19:53:51,112] [app_imports.py:102 - printnlog()] [get_tlib_tadata : NAGREEKCAP.NSE, EOD_LOCAL, df : None, mainrun: True]
[2025-11-12 19:53:51,112] [app_imports.py:102 - printnlog()] [End Processing MHLXMIRU.NSE - time taken 2.8789 seconds. Avg 2.2358, time remaining 84.9604]
[2025-11-12 19:53:51,383] [app_imports.py:102 - printnlog()] [get_tlib_tadata : NATCOPHARM.NSE, EOD_LOCAL, df : None, mainrun: True]
[2025-11-12 19:53:51,383] [app_imports.py:102 - printnlog()] [End Processing MONARCH.NSE - time taken 2.3304 seconds. Avg 2.2373, time remaining 82.7801]
[2025-11-12 19:53:52,511] [app_imports.py:102 - printnlog()] [get_tlib_tadata : NATIONALUM.NSE, EOD_LOCAL, df : None, mainrun: True]
[2025-11-12 19:53:52,513] [app_imports.py:102 - printnlog()] [End Processing MPSLTD.NSE - time taken 2.3202 seconds. Avg 2.2386, time remaining 80.5896]
[2025-11-12 19:53:50,495] [app_imports.py:102 - printnlog()] [get_tlib_tadata : NAVNETEDUL.NSE, EOD_LOCAL, df : None, mainrun: True]
[2025-11-12 19:53:50,496] [app_imports.py:102 - printnlog()] [End Processing MUTHOOTFIN.NSE - time taken -0.252 seconds. Avg 2.2003, time remaining 77.0105]
[2025-11-12 19:53:51,125] [app_imports.py:102 - printnlog()] [get_tlib_tadata : NESCO.NSE, EOD_LOCAL, df : None, mainrun: True]
[2025-11-12 19:53:51,126] [app_imports.py:102 - printnlog()] [End Processing NATCOPHARM.NSE - time taken -0.2578 seconds. Avg 2.163, time remaining 73.542]
[2025-11-12 19:53:51,380] [app_imports.py:102 - printnlog()] [get_tlib_tadata : NMDC.NSE, EOD_LOCAL, df : None, mainrun: True]
[2025-11-12 19:53:51,381] [app_imports.py:102 - printnlog()] [End Processing NAGREEKCAP.NSE - time taken 0.2681 seconds. Avg 2.1347, time remaining 70.4451]
[2025-11-12 19:53:52,283] [app_imports.py:102 - printnlog()] [get_tlib_tadata : NUCLEUS.NSE, EOD_LOCAL, df : None, mainrun: True]
[2025-11-12 19:53:52,284] [app_imports.py:102 - printnlog()] [End Processing NATIONALUM.NSE - time taken -0.2287 seconds. Avg 2.1, time remaining 67.2]
[2025-11-12 19:53:52,859] [app_imports.py:102 - printnlog()] [get_tlib_tadata : NUVAMA.NSE, EOD_LOCAL, df : None, mainrun: True]
[2025-11-12 19:53:52,860] [app_imports.py:102 - printnlog()] [End Processing NAVNETEDUL.NSE - time taken 2.364 seconds. Avg 2.1038, time remaining 65.2178]
[2025-11-12 19:53:53,449] [app_imports.py:102 - printnlog()] [get_tlib_tadata : OBEROIRLTY.NSE, EOD_LOCAL, df : None, mainrun: True]
[2025-11-12 19:53:53,450] [app_imports.py:102 - printnlog()] [End Processing NESCO.NSE - time taken 2.3236 seconds. Avg 2.1069, time remaining 63.207]
[2025-11-12 19:53:53,627] [app_imports.py:102 - printnlog()] [get_tlib_tadata : OFSS.NSE, EOD_LOCAL, df : None, mainrun: True]
[2025-11-12 19:53:53,628] [app_imports.py:102 - printnlog()] [End Processing NMDC.NSE - time taken 2.2469 seconds. Avg 2.1089, time remaining 61.1581]
[2025-11-12 19:53:54,905] [app_imports.py:102 - printnlog()] [get_tlib_tadata : ORBTEXP.NSE, EOD_LOCAL, df : None, mainrun: True]
[2025-11-12 19:53:54,906] [app_imports.py:102 - printnlog()] [End Processing NUVAMA.NSE - time taken 2.0457 seconds. Avg 2.108, time remaining 59.024]
[2025-11-12 19:53:55,057] [app_imports.py:102 - printnlog()] [get_tlib_tadata : OSWALAGRO.NSE, EOD_LOCAL, df : None, mainrun: True]
[2025-11-12 19:53:55,057] [app_imports.py:102 - printnlog()] [End Processing NUCLEUS.NSE - time taken 2.7733 seconds. Avg 2.1171, time remaining 57.1617]
[2025-11-12 19:53:56,201] [app_imports.py:102 - printnlog()] [get_tlib_tadata : PCJEWELLER.NSE, EOD_LOCAL, df : None, mainrun: True]
[2025-11-12 19:53:56,202] [app_imports.py:102 - printnlog()] [End Processing OFSS.NSE - time taken 2.5734 seconds. Avg 2.1233, time remaining 55.2058]
[2025-11-12 19:53:56,765] [app_imports.py:102 - printnlog()] [get_tlib_tadata : PFC.NSE, EOD_LOCAL, df : None, mainrun: True]
[2025-11-12 19:53:56,766] [app_imports.py:102 - printnlog()] [End Processing OBEROIRLTY.NSE - time taken 3.316 seconds. Avg 2.1392, time remaining 53.48]
[2025-11-12 19:53:57,293] [app_imports.py:102 - printnlog()] [get_tlib_tadata : PFIZER.NSE, EOD_LOCAL, df : None, mainrun: True]
[2025-11-12 19:53:57,294] [app_imports.py:102 - printnlog()] [End Processing OSWALAGRO.NSE - time taken 2.2361 seconds. Avg 2.1405, time remaining 51.372]
[2025-11-12 19:53:57,404] [app_imports.py:102 - printnlog()] [get_tlib_tadata : PGHL.NSE, EOD_LOCAL, df : None, mainrun: True]
[2025-11-12 19:53:57,404] [app_imports.py:102 - printnlog()] [End Processing ORBTEXP.NSE - time taken 2.498 seconds. Avg 2.1451, time remaining 49.3373]
[2025-11-12 19:53:58,436] [app_imports.py:102 - printnlog()] [get_tlib_tadata : POWERMECH.NSE, EOD_LOCAL, df : None, mainrun: True]
[2025-11-12 19:53:58,436] [app_imports.py:102 - printnlog()] [End Processing PCJEWELLER.NSE - time taken 2.2343 seconds. Avg 2.1463, time remaining 47.2186]
[2025-11-12 19:53:59,057] [app_imports.py:102 - printnlog()] [get_tlib_tadata : RPGLIFE.NSE, EOD_LOCAL, df : None, mainrun: True]
[2025-11-12 19:53:59,057] [app_imports.py:102 - printnlog()] [End Processing PFC.NSE - time taken 2.291 seconds. Avg 2.1481, time remaining 45.1101]
[2025-11-12 19:53:59,592] [app_imports.py:102 - printnlog()] [get_tlib_tadata : SANDUMA.NSE, EOD_LOCAL, df : None, mainrun: True]
[2025-11-12 19:53:59,594] [app_imports.py:102 - printnlog()] [End Processing PFIZER.NSE - time taken 2.299 seconds. Avg 2.15, time remaining 43.0]
[2025-11-12 19:53:59,737] [app_imports.py:102 - printnlog()] [get_tlib_tadata : SANGHVIMOV.NSE, EOD_LOCAL, df : None, mainrun: True]
[2025-11-12 19:53:59,738] [app_imports.py:102 - printnlog()] [End Processing PGHL.NSE - time taken 2.3335 seconds. Avg 2.1523, time remaining 40.8937]
[2025-11-12 19:54:00,724] [app_imports.py:102 - printnlog()] [get_tlib_tadata : SHREERAMA.NSE, EOD_LOCAL, df : None, mainrun: True]
[2025-11-12 19:54:00,725] [app_imports.py:102 - printnlog()] [End Processing POWERMECH.NSE - time taken 2.2883 seconds. Avg 2.1539, time remaining 38.7702]
[2025-11-12 19:54:01,228] [app_imports.py:102 - printnlog()] [get_tlib_tadata : SHRIPISTON.NSE, EOD_LOCAL, df : None, mainrun: True]
[2025-11-12 19:54:01,229] [app_imports.py:102 - printnlog()] [End Processing RPGLIFE.NSE - time taken 2.1716 seconds. Avg 2.1541, time remaining 36.6197]
[2025-11-12 19:54:01,832] [app_imports.py:102 - printnlog()] [get_tlib_tadata : SKYGOLD.NSE, EOD_LOCAL, df : None, mainrun: True]
[2025-11-12 19:54:01,833] [app_imports.py:102 - printnlog()] [End Processing SANDUMA.NSE - time taken 2.2394 seconds. Avg 2.1551, time remaining 34.4816]
[2025-11-12 19:54:02,094] [app_imports.py:102 - printnlog()] [get_tlib_tadata : SOMATEX.NSE, EOD_LOCAL, df : None, mainrun: True]
[2025-11-12 19:54:02,094] [app_imports.py:102 - printnlog()] [End Processing SANGHVIMOV.NSE - time taken 2.3561 seconds. Avg 2.1575, time remaining 32.3625]
[2025-11-12 19:54:03,390] [app_imports.py:102 - printnlog()] [get_tlib_tadata : SPAL.NSE, EOD_LOCAL, df : None, mainrun: True]
[2025-11-12 19:54:03,390] [app_imports.py:102 - printnlog()] [End Processing SHRIPISTON.NSE - time taken 2.161 seconds. Avg 2.1575, time remaining 30.205]
[2025-11-12 19:54:03,514] [app_imports.py:102 - printnlog()] [get_tlib_tadata : STEELCAS.NSE, EOD_LOCAL, df : None, mainrun: True]
[2025-11-12 19:54:03,514] [app_imports.py:102 - printnlog()] [End Processing SHREERAMA.NSE - time taken 2.7892 seconds. Avg 2.1648, time remaining 28.1424]
[2025-11-12 19:54:04,160] [app_imports.py:102 - printnlog()] [get_tlib_tadata : STYLAMIND.NSE, EOD_LOCAL, df : None, mainrun: True]
[2025-11-12 19:54:04,161] [app_imports.py:102 - printnlog()] [End Processing SKYGOLD.NSE - time taken 2.328 seconds. Avg 2.1667, time remaining 26.0004]
[2025-11-12 19:54:04,519] [app_imports.py:102 - printnlog()] [get_tlib_tadata : SUNTV.NSE, EOD_LOCAL, df : None, mainrun: True]
[2025-11-12 19:54:04,521] [app_imports.py:102 - printnlog()] [End Processing SOMATEX.NSE - time taken 2.4254 seconds. Avg 2.1696, time remaining 23.8656]
[2025-11-12 19:54:05,967] [app_imports.py:102 - printnlog()] [get_tlib_tadata : TEMBO.NSE, EOD_LOCAL, df : None, mainrun: True]
[2025-11-12 19:54:05,968] [app_imports.py:102 - printnlog()] [End Processing STEELCAS.NSE - time taken 2.4533 seconds. Avg 2.1727, time remaining 21.727]
[2025-11-12 19:54:06,005] [app_imports.py:102 - printnlog()] [get_tlib_tadata : TIPSMUSIC.NSE, EOD_LOCAL, df : None, mainrun: True]
[2025-11-12 19:54:06,005] [app_imports.py:102 - printnlog()] [End Processing SPAL.NSE - time taken 2.6145 seconds. Avg 2.1776, time remaining 19.5984]
[2025-11-12 19:54:06,495] [app_imports.py:102 - printnlog()] [get_tlib_tadata : TOUCHWOOD.NSE, EOD_LOCAL, df : None, mainrun: True]
[2025-11-12 19:54:06,495] [app_imports.py:102 - printnlog()] [End Processing STYLAMIND.NSE - time taken 2.3342 seconds. Avg 2.1793, time remaining 17.4344]
[2025-11-12 19:54:06,877] [app_imports.py:102 - printnlog()] [get_tlib_tadata : VEDL.NSE, EOD_LOCAL, df : None, mainrun: True]
[2025-11-12 19:54:06,877] [app_imports.py:102 - printnlog()] [End Processing SUNTV.NSE - time taken 2.3569 seconds. Avg 2.1812, time remaining 15.2684]
[2025-11-12 19:54:08,111] [app_imports.py:102 - printnlog()] [get_tlib_tadata : VOLTAMP.NSE, EOD_LOCAL, df : None, mainrun: True]
[2025-11-12 19:54:08,111] [app_imports.py:102 - printnlog()] [End Processing TIPSMUSIC.NSE - time taken 2.1059 seconds. Avg 2.1804, time remaining 13.0824]
[2025-11-12 19:54:08,981] [app_imports.py:102 - printnlog()] [get_tlib_tadata : WEBELSOLAR.NSE, EOD_LOCAL, df : None, mainrun: True]
[2025-11-12 19:54:08,981] [app_imports.py:102 - printnlog()] [End Processing TEMBO.NSE - time taken 3.0129 seconds. Avg 2.1892, time remaining 10.946]
[2025-11-12 19:54:09,071] [app_imports.py:102 - printnlog()] [get_tlib_tadata : WELCORP.NSE, EOD_LOCAL, df : None, mainrun: True]
[2025-11-12 19:54:09,072] [app_imports.py:102 - printnlog()] [End Processing TOUCHWOOD.NSE - time taken 2.5763 seconds. Avg 2.1932, time remaining 8.7728]
[2025-11-12 19:54:09,305] [app_imports.py:102 - printnlog()] [End Processing VEDL.NSE - time taken 2.4269 seconds. Avg 2.1956, time remaining 6.5868]
[2025-11-12 19:54:10,619] [app_imports.py:102 - printnlog()] [End Processing VOLTAMP.NSE - time taken 2.5071 seconds. Avg 2.1988, time remaining 4.3976]
[2025-11-12 19:54:11,233] [app_imports.py:102 - printnlog()] [End Processing WEBELSOLAR.NSE - time taken 2.2515 seconds. Avg 2.1993, time remaining 2.1993]
[2025-11-12 19:54:11,468] [app_imports.py:102 - printnlog()] [End Processing WELCORP.NSE - time taken 2.3958 seconds. Avg 2.2013, time remaining 0.0]
[2025-11-12 19:54:11,667] [ta_signals_mc_parallel.py:1045 - main()] [Inserted 99 rows into eod_tas_listings_temp]
[2025-11-12 19:54:11,768] [ta_signals_mc_parallel.py:1068 - main()] [Deleted 1914 rows from eod_tas_listings]
[2025-11-12 19:54:11,926] [ta_signals_mc_parallel.py:1102 - main()] [99 rows inserted into eod_tas_listings]
