[2025-11-12 22:57:45,412] [app_imports.py:102 - printnlog()] {'PRICE_SOURCE': 'EOD_LOCAL', 'DIWidth_Strong_threshold': 15, 'DIWidth_Average_threshold': 10, 'ADX_Strong_threshold': 25, 'ADX_Average_threshold': 20, 'EMA_CROSS_LOOKBACK': 3, 'SMA_CROSS_LOOKBACK': 10, 'HISTORY_BARS': 600, 'tal_master_tablename': 'eod_tas_listings', 'FUNDAMENTALS_TABLENAME': 'eod_gem_listings', 'CLOSING_PRICES_FUNCTION': <function get_historic_prices_from_eod_local at 0x7f83c9f88160>, 'LAST_PRICES_DETLS_FUNCTION': <function eod_lastPriceDetails at 0x7f83cb881d80>, 'WATCHLIST_TABLENAME': 'eod_watchlist', 'tal_temp_tablename': 'eod_tas_listings_temp'}
[2025-11-12 22:57:45,548] [app_imports.py:102 - printnlog()] [Count of total Symbols : 100]
[2025-11-12 22:57:45,616] [ta_signals_mc_parallel.py:125 - ensure_output_table()] [ensure_output_table] CREATE TABLE IF NOT EXISTS executed for eod_tas_listings_temp
[2025-11-12 22:57:45,875] [ta_signals_mc_parallel.py:125 - ensure_output_table()] [ensure_output_table] CREATE TABLE IF NOT EXISTS executed for eod_tas_listings
[2025-11-12 22:57:46,069] [ta_signals_mc_parallel.py:981 - main()] [Ensured tables eod_tas_listings_temp and eod_tas_listings exist with canonical schema]
[2025-11-12 22:57:46,069] [app_imports.py:102 - printnlog()] [Deleting outdated records from temporary table]
[2025-11-12 22:57:46,150] [ta_signals_mc_parallel.py:997 - main()] [Delete operation completed successfully]
[2025-11-12 22:57:46,187] [app_imports.py:102 - printnlog()] [get_tlib_tadata : ABBOTINDIA.NSE, EOD_LOCAL, df : None, mainrun: True]
[2025-11-12 22:57:46,187] [app_imports.py:102 - printnlog()] [get_tlib_tadata : ABSLAMC.NSE, EOD_LOCAL, df : None, mainrun: True]
[2025-11-12 22:57:46,188] [app_imports.py:102 - printnlog()] [get_tlib_tadata : ADVANIHOTR.NSE, EOD_LOCAL, df : None, mainrun: True]
[2025-11-12 22:57:46,188] [app_imports.py:102 - printnlog()] [get_tlib_tadata : ADANIPORTS.NSE, EOD_LOCAL, df : None, mainrun: True]
[2025-11-12 22:57:48,985] [app_imports.py:102 - printnlog()] [get_tlib_tadata : AIAENG.NSE, EOD_LOCAL, df : None, mainrun: True]
[2025-11-12 22:57:48,987] [app_imports.py:102 - printnlog()] [End Processing ABSLAMC.NSE - time taken 2.7977 seconds. Avg 2.7977, time remaining 276.9723]
[2025-11-12 22:57:49,093] [app_imports.py:102 - printnlog()] [End Processing ABBOTINDIA.NSE - time taken 2.9044 seconds. Avg 2.851, time remaining 279.398]
[2025-11-12 22:57:49,095] [app_imports.py:102 - printnlog()] [get_tlib_tadata : AJANTPHARM.NSE, EOD_LOCAL, df : None, mainrun: True]
[2025-11-12 22:57:49,244] [app_imports.py:102 - printnlog()] [get_tlib_tadata : ARVSMART.NSE, EOD_LOCAL, df : None, mainrun: True]
[2025-11-12 22:57:49,245] [app_imports.py:102 - printnlog()] [End Processing ADANIPORTS.NSE - time taken 3.0562 seconds. Avg 2.9194, time remaining 283.1818]
[2025-11-12 22:57:49,462] [app_imports.py:102 - printnlog()] [get_tlib_tadata : ASIANHOTNR.NSE, EOD_LOCAL, df : None, mainrun: True]
[2025-11-12 22:57:49,462] [app_imports.py:102 - printnlog()] [End Processing ADVANIHOTR.NSE - time taken 3.2736 seconds. Avg 3.008, time remaining 288.768]
[2025-11-12 22:57:48,830] [app_imports.py:102 - printnlog()] [get_tlib_tadata : BAJAJ-AUTO.NSE, EOD_LOCAL, df : None, mainrun: True]
[2025-11-12 22:57:48,831] [app_imports.py:102 - printnlog()] [End Processing AIAENG.NSE - time taken -0.1556 seconds. Avg 2.3753, time remaining 225.6535]
[2025-11-12 22:57:49,025] [app_imports.py:102 - printnlog()] [get_tlib_tadata : BBTC.NSE, EOD_LOCAL, df : None, mainrun: True]
[2025-11-12 22:57:49,026] [app_imports.py:102 - printnlog()] [End Processing AJANTPHARM.NSE - time taken -0.0699 seconds. Avg 1.9677, time remaining 184.9638]
[2025-11-12 22:57:49,046] [app_imports.py:102 - printnlog()] [get_tlib_tadata : BHARTIARTL.NSE, EOD_LOCAL, df : None, mainrun: True]
[2025-11-12 22:57:49,046] [app_imports.py:102 - printnlog()] [End Processing ARVSMART.NSE - time taken -0.1986 seconds. Avg 1.6583, time remaining 154.2219]
[2025-11-12 22:57:49,350] [app_imports.py:102 - printnlog()] [get_tlib_tadata : BLS.NSE, EOD_LOCAL, df : None, mainrun: True]
[2025-11-12 22:57:49,351] [app_imports.py:102 - printnlog()] [End Processing ASIANHOTNR.NSE - time taken -0.1116 seconds. Avg 1.437, time remaining 132.204]
[2025-11-12 22:57:51,116] [app_imports.py:102 - printnlog()] [get_tlib_tadata : BLUEJET.NSE, EOD_LOCAL, df : None, mainrun: True]
[2025-11-12 22:57:51,118] [app_imports.py:102 - printnlog()] [End Processing BAJAJ-AUTO.NSE - time taken 2.2861 seconds. Avg 1.5314, time remaining 139.3574]
[2025-11-12 22:57:51,468] [app_imports.py:102 - printnlog()] [get_tlib_tadata : BSE.NSE, EOD_LOCAL, df : None, mainrun: True]
[2025-11-12 22:57:51,469] [app_imports.py:102 - printnlog()] [End Processing BBTC.NSE - time taken 2.4426 seconds. Avg 1.6225, time remaining 146.025]
[2025-11-12 22:57:51,500] [app_imports.py:102 - printnlog()] [get_tlib_tadata : CAMS.NSE, EOD_LOCAL, df : None, mainrun: True]
[2025-11-12 22:57:51,501] [app_imports.py:102 - printnlog()] [End Processing BHARTIARTL.NSE - time taken 2.454 seconds. Avg 1.6981, time remaining 151.1309]
[2025-11-12 22:57:51,643] [app_imports.py:102 - printnlog()] [get_tlib_tadata : CAPLIPOINT.NSE, EOD_LOCAL, df : None, mainrun: True]
[2025-11-12 22:57:51,643] [app_imports.py:102 - printnlog()] [End Processing BLS.NSE - time taken 2.292 seconds. Avg 1.7476, time remaining 153.7888]
[2025-11-12 22:57:53,213] [app_imports.py:102 - printnlog()] [get_tlib_tadata : CCCL.NSE, EOD_LOCAL, df : None, mainrun: True]
[2025-11-12 22:57:53,213] [app_imports.py:102 - printnlog()] [End Processing BLUEJET.NSE - time taken 2.0962 seconds. Avg 1.7744, time remaining 154.3728]
[2025-11-12 22:57:53,756] [app_imports.py:102 - printnlog()] [get_tlib_tadata : CHAMBLFERT.NSE, EOD_LOCAL, df : None, mainrun: True]
[2025-11-12 22:57:53,757] [app_imports.py:102 - printnlog()] [End Processing BSE.NSE - time taken 2.2875 seconds. Avg 1.811, time remaining 155.746]
[2025-11-12 22:57:53,818] [app_imports.py:102 - printnlog()] [get_tlib_tadata : COALINDIA.NSE, EOD_LOCAL, df : None, mainrun: True]
[2025-11-12 22:57:53,818] [app_imports.py:102 - printnlog()] [End Processing CAMS.NSE - time taken 2.3172 seconds. Avg 1.8448, time remaining 156.808]
[2025-11-12 22:57:54,011] [app_imports.py:102 - printnlog()] [get_tlib_tadata : CONTROLPR.NSE, EOD_LOCAL, df : None, mainrun: True]
[2025-11-12 22:57:54,011] [app_imports.py:102 - printnlog()] [End Processing CAPLIPOINT.NSE - time taken 2.3678 seconds. Avg 1.8775, time remaining 157.71]
[2025-11-12 22:57:55,862] [app_imports.py:102 - printnlog()] [get_tlib_tadata : COROMANDEL.NSE, EOD_LOCAL, df : None, mainrun: True]
[2025-11-12 22:57:55,863] [app_imports.py:102 - printnlog()] [End Processing CCCL.NSE - time taken 2.6488 seconds. Avg 1.9228, time remaining 159.5924]
[2025-11-12 22:57:56,092] [app_imports.py:102 - printnlog()] [get_tlib_tadata : CROWN.NSE, EOD_LOCAL, df : None, mainrun: True]
[2025-11-12 22:57:56,093] [app_imports.py:102 - printnlog()] [End Processing CHAMBLFERT.NSE - time taken 2.3356 seconds. Avg 1.9458, time remaining 159.5556]
[2025-11-12 22:57:56,135] [app_imports.py:102 - printnlog()] [get_tlib_tadata : DBCORP.NSE, EOD_LOCAL, df : None, mainrun: True]
[2025-11-12 22:57:56,135] [app_imports.py:102 - printnlog()] [End Processing COALINDIA.NSE - time taken 2.3168 seconds. Avg 1.9653, time remaining 159.1893]
[2025-11-12 22:57:56,352] [app_imports.py:102 - printnlog()] [get_tlib_tadata : DGCONTENT.NSE, EOD_LOCAL, df : None, mainrun: True]
[2025-11-12 22:57:56,352] [app_imports.py:102 - printnlog()] [End Processing CONTROLPR.NSE - time taken 2.3407 seconds. Avg 1.9841, time remaining 158.728]
[2025-11-12 22:57:58,098] [app_imports.py:102 - printnlog()] [get_tlib_tadata : DHANUKA.NSE, EOD_LOCAL, df : None, mainrun: True]
[2025-11-12 22:57:58,099] [app_imports.py:102 - printnlog()] [End Processing COROMANDEL.NSE - time taken 2.2358 seconds. Avg 1.9961, time remaining 157.6919]
[2025-11-12 22:57:59,061] [app_imports.py:102 - printnlog()] [get_tlib_tadata : DIGJAMLTD.NSE, EOD_LOCAL, df : None, mainrun: True]
[2025-11-12 22:57:59,062] [app_imports.py:102 - printnlog()] [End Processing CROWN.NSE - time taken 2.9691 seconds. Avg 2.0403, time remaining 159.1434]
[2025-11-12 22:57:59,272] [app_imports.py:102 - printnlog()] [get_tlib_tadata : DRCSYSTEMS.NSE, EOD_LOCAL, df : None, mainrun: True]
[2025-11-12 22:57:59,273] [app_imports.py:102 - printnlog()] [End Processing DGCONTENT.NSE - time taken 2.9199 seconds. Avg 2.0785, time remaining 160.0445]
[2025-11-12 22:57:59,482] [app_imports.py:102 - printnlog()] [get_tlib_tadata : ECLERX.NSE, EOD_LOCAL, df : None, mainrun: True]
[2025-11-12 22:57:59,483] [app_imports.py:102 - printnlog()] [End Processing DBCORP.NSE - time taken 3.3469 seconds. Avg 2.1314, time remaining 161.9864]
[2025-11-12 22:58:00,437] [app_imports.py:102 - printnlog()] [get_tlib_tadata : EICHERMOT.NSE, EOD_LOCAL, df : None, mainrun: True]
[2025-11-12 22:58:00,437] [app_imports.py:102 - printnlog()] [End Processing DHANUKA.NSE - time taken 2.3381 seconds. Avg 2.1397, time remaining 160.4775]
[2025-11-12 22:58:01,511] [app_imports.py:102 - printnlog()] [get_tlib_tadata : EMSLIMITED.NSE, EOD_LOCAL, df : None, mainrun: True]
[2025-11-12 22:58:01,512] [app_imports.py:102 - printnlog()] [End Processing DRCSYSTEMS.NSE - time taken 2.2388 seconds. Avg 2.1435, time remaining 158.619]
[2025-11-12 22:58:01,678] [app_imports.py:102 - printnlog()] [get_tlib_tadata : EPIGRAL.NSE, EOD_LOCAL, df : None, mainrun: True]
[2025-11-12 22:58:01,679] [app_imports.py:102 - printnlog()] [End Processing DIGJAMLTD.NSE - time taken 2.616 seconds. Avg 2.161, time remaining 157.753]
[2025-11-12 22:58:01,768] [app_imports.py:102 - printnlog()] [get_tlib_tadata : FIEMIND.NSE, EOD_LOCAL, df : None, mainrun: True]
[2025-11-12 22:58:01,769] [app_imports.py:102 - printnlog()] [End Processing ECLERX.NSE - time taken 2.2858 seconds. Avg 2.1654, time remaining 155.9088]
[2025-11-12 22:58:02,766] [app_imports.py:102 - printnlog()] [get_tlib_tadata : FINEORG.NSE, EOD_LOCAL, df : None, mainrun: True]
[2025-11-12 22:58:02,767] [app_imports.py:102 - printnlog()] [End Processing EICHERMOT.NSE - time taken 2.3289 seconds. Avg 2.1711, time remaining 154.1481]
[2025-11-12 22:58:03,690] [app_imports.py:102 - printnlog()] [get_tlib_tadata : GANDHITUBE.NSE, EOD_LOCAL, df : None, mainrun: True]
[2025-11-12 22:58:03,690] [app_imports.py:102 - printnlog()] [End Processing EMSLIMITED.NSE - time taken 2.1786 seconds. Avg 2.1713, time remaining 151.991]
[2025-11-12 22:58:04,211] [app_imports.py:102 - printnlog()] [get_tlib_tadata : GATECH.NSE, EOD_LOCAL, df : None, mainrun: True]
[2025-11-12 22:58:04,212] [app_imports.py:102 - printnlog()] [End Processing EPIGRAL.NSE - time taken 2.533 seconds. Avg 2.183, time remaining 150.627]
[2025-11-12 22:58:04,604] [app_imports.py:102 - printnlog()] [get_tlib_tadata : GATEWAY.NSE, EOD_LOCAL, df : None, mainrun: True]
[2025-11-12 22:58:04,605] [app_imports.py:102 - printnlog()] [End Processing FIEMIND.NSE - time taken 2.8358 seconds. Avg 2.2034, time remaining 149.8312]
[2025-11-12 22:58:05,140] [app_imports.py:102 - printnlog()] [get_tlib_tadata : GESHIP.NSE, EOD_LOCAL, df : None, mainrun: True]
[2025-11-12 22:58:05,141] [app_imports.py:102 - printnlog()] [End Processing FINEORG.NSE - time taken 2.3744 seconds. Avg 2.2086, time remaining 147.9762]
[2025-11-12 22:58:06,073] [app_imports.py:102 - printnlog()] [get_tlib_tadata : GHCL.NSE, EOD_LOCAL, df : None, mainrun: True]
[2025-11-12 22:58:06,074] [app_imports.py:102 - printnlog()] [End Processing GANDHITUBE.NSE - time taken 2.3832 seconds. Avg 2.2137, time remaining 146.1042]
[2025-11-12 22:58:06,545] [app_imports.py:102 - printnlog()] [get_tlib_tadata : GRWRHITECH.NSE, EOD_LOCAL, df : None, mainrun: True]
[2025-11-12 22:58:06,546] [app_imports.py:102 - printnlog()] [End Processing GATECH.NSE - time taken 2.3339 seconds. Avg 2.2171, time remaining 144.1115]
[2025-11-12 22:58:06,980] [app_imports.py:102 - printnlog()] [get_tlib_tadata : GULFOILLUB.NSE, EOD_LOCAL, df : None, mainrun: True]
[2025-11-12 22:58:06,980] [app_imports.py:102 - printnlog()] [End Processing GATEWAY.NSE - time taken 2.375 seconds. Avg 2.2215, time remaining 142.176]
[2025-11-12 22:58:07,446] [app_imports.py:102 - printnlog()] [get_tlib_tadata : HDFCAMC.NSE, EOD_LOCAL, df : None, mainrun: True]
[2025-11-12 22:58:07,446] [app_imports.py:102 - printnlog()] [End Processing GESHIP.NSE - time taken 2.3051 seconds. Avg 2.2238, time remaining 140.0994]
[2025-11-12 22:58:08,363] [app_imports.py:102 - printnlog()] [get_tlib_tadata : HDFCBANK.NSE, EOD_LOCAL, df : None, mainrun: True]
[2025-11-12 22:58:08,363] [app_imports.py:102 - printnlog()] [End Processing GHCL.NSE - time taken 2.2889 seconds. Avg 2.2255, time remaining 137.981]
[2025-11-12 22:58:09,017] [app_imports.py:102 - printnlog()] [get_tlib_tadata : HEADSUP.NSE, EOD_LOCAL, df : None, mainrun: True]
[2025-11-12 22:58:09,018] [app_imports.py:102 - printnlog()] [End Processing GRWRHITECH.NSE - time taken 2.4713 seconds. Avg 2.2318, time remaining 136.1398]
[2025-11-12 22:58:09,283] [app_imports.py:102 - printnlog()] [get_tlib_tadata : HECPROJECT.NSE, EOD_LOCAL, df : None, mainrun: True]
[2025-11-12 22:58:09,283] [app_imports.py:102 - printnlog()] [End Processing GULFOILLUB.NSE - time taken 2.3029 seconds. Avg 2.2336, time remaining 134.016]
[2025-11-12 22:58:09,685] [app_imports.py:102 - printnlog()] [get_tlib_tadata : HEROMOTOCO.NSE, EOD_LOCAL, df : None, mainrun: True]
[2025-11-12 22:58:09,686] [app_imports.py:102 - printnlog()] [End Processing HDFCAMC.NSE - time taken 2.239 seconds. Avg 2.2337, time remaining 131.7883]
[2025-11-12 22:58:10,931] [app_imports.py:102 - printnlog()] [get_tlib_tadata : HOVS.NSE, EOD_LOCAL, df : None, mainrun: True]
[2025-11-12 22:58:10,932] [app_imports.py:102 - printnlog()] [End Processing HDFCBANK.NSE - time taken 2.5685 seconds. Avg 2.2417, time remaining 130.0186]
[2025-11-12 22:58:11,686] [app_imports.py:102 - printnlog()] [get_tlib_tadata : HUBTOWN.NSE, EOD_LOCAL, df : None, mainrun: True]
[2025-11-12 22:58:11,686] [app_imports.py:102 - printnlog()] [End Processing HECPROJECT.NSE - time taken 2.4026 seconds. Avg 2.2454, time remaining 127.9878]
[2025-11-12 22:58:11,840] [app_imports.py:102 - printnlog()] [get_tlib_tadata : INDIAMART.NSE, EOD_LOCAL, df : None, mainrun: True]
[2025-11-12 22:58:11,841] [app_imports.py:102 - printnlog()] [End Processing HEADSUP.NSE - time taken 2.8228 seconds. Avg 2.2585, time remaining 126.476]
[2025-11-12 22:58:11,998] [app_imports.py:102 - printnlog()] [get_tlib_tadata : INDOTECH.NSE, EOD_LOCAL, df : None, mainrun: True]
[2025-11-12 22:58:11,998] [app_imports.py:102 - printnlog()] [End Processing HEROMOTOCO.NSE - time taken 2.3123 seconds. Avg 2.2597, time remaining 124.2835]
[2025-11-12 22:58:13,523] [app_imports.py:102 - printnlog()] [get_tlib_tadata : INDSWFTLAB.NSE, EOD_LOCAL, df : None, mainrun: True]
[2025-11-12 22:58:13,523] [ta_signals_mc_parallel.py:1013 - main()] [get_tlib_tadata Error : could not convert string to float: 'NA', 
 Traceback (most recent call last):
  File "/home/ram/dev/LOI/LOI-prod-server-v8/server/ta_signals_mc_parallel.py", line 884, in process_symbol
    df_row = get_tlib_tadata(underlying=symbol, price_source=price_source, my_logger=my_logger)
  File "/home/ram/dev/LOI/LOI-prod-server-v8/server/ta_signals_mc_parallel.py", line 793, in get_tlib_tadata
    d['TodayPrice'] = float(result.get('TodayPrice', 0.0) or 0.0)
ValueError: could not convert string to float: 'NA'
]
[2025-11-12 22:58:13,974] [app_imports.py:102 - printnlog()] [get_tlib_tadata : INDUSTOWER.NSE, EOD_LOCAL, df : None, mainrun: True]
[2025-11-12 22:58:13,975] [app_imports.py:102 - printnlog()] [End Processing HUBTOWN.NSE - time taken 2.2877 seconds. Avg 2.2123, time remaining 117.2519]
[2025-11-12 22:58:14,314] [app_imports.py:102 - printnlog()] [get_tlib_tadata : IRB.NSE, EOD_LOCAL, df : None, mainrun: True]
[2025-11-12 22:58:14,315] [app_imports.py:102 - printnlog()] [End Processing INDOTECH.NSE - time taken 2.316 seconds. Avg 2.2144, time remaining 115.1488]
[2025-11-12 22:58:15,238] [app_imports.py:102 - printnlog()] [get_tlib_tadata : ITC.NSE, EOD_LOCAL, df : None, mainrun: True]
[2025-11-12 22:58:15,238] [app_imports.py:102 - printnlog()] [End Processing INDIAMART.NSE - time taken 3.3971 seconds. Avg 2.2385, time remaining 114.1635]
[2025-11-12 22:58:16,056] [app_imports.py:102 - printnlog()] [get_tlib_tadata : JINDRILL.NSE, EOD_LOCAL, df : None, mainrun: True]
[2025-11-12 22:58:16,057] [app_imports.py:102 - printnlog()] [End Processing INDSWFTLAB.NSE - time taken 2.5328 seconds. Avg 2.2444, time remaining 112.22]
[2025-11-12 22:58:16,408] [app_imports.py:102 - printnlog()] [get_tlib_tadata : JUSTDIAL.NSE, EOD_LOCAL, df : None, mainrun: True]
[2025-11-12 22:58:16,408] [app_imports.py:102 - printnlog()] [End Processing INDUSTOWER.NSE - time taken 2.4338 seconds. Avg 2.2481, time remaining 110.1569]
[2025-11-12 22:58:16,887] [app_imports.py:102 - printnlog()] [get_tlib_tadata : KHAITANLTD.NSE, EOD_LOCAL, df : None, mainrun: True]
[2025-11-12 22:58:16,888] [app_imports.py:102 - printnlog()] [End Processing IRB.NSE - time taken 2.573 seconds. Avg 2.2544, time remaining 108.2112]
[2025-11-12 22:58:17,499] [app_imports.py:102 - printnlog()] [get_tlib_tadata : KRISHANA.NSE, EOD_LOCAL, df : None, mainrun: True]
[2025-11-12 22:58:17,499] [app_imports.py:102 - printnlog()] [End Processing ITC.NSE - time taken 2.261 seconds. Avg 2.2545, time remaining 105.9615]
[2025-11-12 22:58:18,303] [app_imports.py:102 - printnlog()] [get_tlib_tadata : KSCL.NSE, EOD_LOCAL, df : None, mainrun: True]
[2025-11-12 22:58:18,303] [app_imports.py:102 - printnlog()] [End Processing JINDRILL.NSE - time taken 2.2463 seconds. Avg 2.2544, time remaining 103.7024]
[2025-11-12 22:58:18,741] [app_imports.py:102 - printnlog()] [get_tlib_tadata : LGBBROSLTD.NSE, EOD_LOCAL, df : None, mainrun: True]
[2025-11-12 22:58:18,742] [app_imports.py:102 - printnlog()] [End Processing JUSTDIAL.NSE - time taken 2.3333 seconds. Avg 2.2558, time remaining 101.511]
[2025-11-12 22:58:19,384] [app_imports.py:102 - printnlog()] [get_tlib_tadata : MAITHANALL.NSE, EOD_LOCAL, df : None, mainrun: True]
[2025-11-12 22:58:19,385] [app_imports.py:102 - printnlog()] [End Processing KHAITANLTD.NSE - time taken 2.4965 seconds. Avg 2.2601, time remaining 99.4444]
[2025-11-12 22:58:20,483] [app_imports.py:102 - printnlog()] [get_tlib_tadata : MGL.NSE, EOD_LOCAL, df : None, mainrun: True]
[2025-11-12 22:58:20,484] [app_imports.py:102 - printnlog()] [End Processing KRISHANA.NSE - time taken 2.9839 seconds. Avg 2.2728, time remaining 97.7304]
[2025-11-12 22:58:20,665] [app_imports.py:102 - printnlog()] [get_tlib_tadata : MHLXMIRU.NSE, EOD_LOCAL, df : None, mainrun: True]
[2025-11-12 22:58:20,666] [app_imports.py:102 - printnlog()] [End Processing KSCL.NSE - time taken 2.3618 seconds. Avg 2.2743, time remaining 95.5206]
[2025-11-12 22:58:21,068] [app_imports.py:102 - printnlog()] [get_tlib_tadata : MONARCH.NSE, EOD_LOCAL, df : None, mainrun: True]
[2025-11-12 22:58:21,068] [app_imports.py:102 - printnlog()] [End Processing LGBBROSLTD.NSE - time taken 2.3259 seconds. Avg 2.2752, time remaining 93.2832]
[2025-11-12 22:58:19,701] [app_imports.py:102 - printnlog()] [get_tlib_tadata : MPSLTD.NSE, EOD_LOCAL, df : None, mainrun: True]
[2025-11-12 22:58:19,701] [app_imports.py:102 - printnlog()] [End Processing MAITHANALL.NSE - time taken 0.3164 seconds. Avg 2.2426, time remaining 89.704]
[2025-11-12 22:58:20,279] [app_imports.py:102 - printnlog()] [get_tlib_tadata : MUTHOOTFIN.NSE, EOD_LOCAL, df : None, mainrun: True]
[2025-11-12 22:58:20,280] [app_imports.py:102 - printnlog()] [End Processing MGL.NSE - time taken -0.2045 seconds. Avg 2.2024, time remaining 85.8936]
[2025-11-12 22:58:20,797] [app_imports.py:102 - printnlog()] [get_tlib_tadata : NAGREEKCAP.NSE, EOD_LOCAL, df : None, mainrun: True]
[2025-11-12 22:58:20,797] [app_imports.py:102 - printnlog()] [End Processing MHLXMIRU.NSE - time taken 0.1316 seconds. Avg 2.169, time remaining 82.422]
[2025-11-12 22:58:20,933] [app_imports.py:102 - printnlog()] [get_tlib_tadata : NATCOPHARM.NSE, EOD_LOCAL, df : None, mainrun: True]
[2025-11-12 22:58:20,934] [app_imports.py:102 - printnlog()] [End Processing MONARCH.NSE - time taken -0.1346 seconds. Avg 2.1325, time remaining 78.9025]
[2025-11-12 22:58:22,095] [app_imports.py:102 - printnlog()] [get_tlib_tadata : NATIONALUM.NSE, EOD_LOCAL, df : None, mainrun: True]
[2025-11-12 22:58:22,095] [app_imports.py:102 - printnlog()] [End Processing MPSLTD.NSE - time taken 2.3937 seconds. Avg 2.1366, time remaining 76.9176]
[2025-11-12 22:58:22,743] [app_imports.py:102 - printnlog()] [get_tlib_tadata : NAVNETEDUL.NSE, EOD_LOCAL, df : None, mainrun: True]
[2025-11-12 22:58:22,744] [app_imports.py:102 - printnlog()] [End Processing MUTHOOTFIN.NSE - time taken 2.4643 seconds. Avg 2.1416, time remaining 74.956]
[2025-11-12 22:58:23,274] [app_imports.py:102 - printnlog()] [get_tlib_tadata : NESCO.NSE, EOD_LOCAL, df : None, mainrun: True]
[2025-11-12 22:58:23,274] [app_imports.py:102 - printnlog()] [End Processing NATCOPHARM.NSE - time taken 2.3402 seconds. Avg 2.1446, time remaining 72.9164]
[2025-11-12 22:58:23,740] [app_imports.py:102 - printnlog()] [get_tlib_tadata : NMDC.NSE, EOD_LOCAL, df : None, mainrun: True]
[2025-11-12 22:58:23,741] [app_imports.py:102 - printnlog()] [End Processing NAGREEKCAP.NSE - time taken 2.9431 seconds. Avg 2.1565, time remaining 71.1645]
[2025-11-12 22:58:24,331] [app_imports.py:102 - printnlog()] [get_tlib_tadata : NUCLEUS.NSE, EOD_LOCAL, df : None, mainrun: True]
[2025-11-12 22:58:24,332] [app_imports.py:102 - printnlog()] [End Processing NATIONALUM.NSE - time taken 2.236 seconds. Avg 2.1577, time remaining 69.0464]
[2025-11-12 22:58:25,129] [app_imports.py:102 - printnlog()] [get_tlib_tadata : NUVAMA.NSE, EOD_LOCAL, df : None, mainrun: True]
[2025-11-12 22:58:25,130] [app_imports.py:102 - printnlog()] [End Processing NAVNETEDUL.NSE - time taken 2.3853 seconds. Avg 2.161, time remaining 66.991]
[2025-11-12 22:58:25,532] [app_imports.py:102 - printnlog()] [get_tlib_tadata : OBEROIRLTY.NSE, EOD_LOCAL, df : None, mainrun: True]
[2025-11-12 22:58:25,533] [app_imports.py:102 - printnlog()] [End Processing NESCO.NSE - time taken 2.2584 seconds. Avg 2.1624, time remaining 64.872]
[2025-11-12 22:58:26,094] [app_imports.py:102 - printnlog()] [get_tlib_tadata : OFSS.NSE, EOD_LOCAL, df : None, mainrun: True]
[2025-11-12 22:58:26,094] [app_imports.py:102 - printnlog()] [End Processing NMDC.NSE - time taken 2.3533 seconds. Avg 2.1651, time remaining 62.7879]
[2025-11-12 22:58:27,263] [app_imports.py:102 - printnlog()] [get_tlib_tadata : ORBTEXP.NSE, EOD_LOCAL, df : None, mainrun: True]
[2025-11-12 22:58:27,263] [app_imports.py:102 - printnlog()] [End Processing NUVAMA.NSE - time taken 2.1332 seconds. Avg 2.1646, time remaining 60.6088]
[2025-11-12 22:58:27,465] [app_imports.py:102 - printnlog()] [get_tlib_tadata : OSWALAGRO.NSE, EOD_LOCAL, df : None, mainrun: True]
[2025-11-12 22:58:27,466] [app_imports.py:102 - printnlog()] [End Processing NUCLEUS.NSE - time taken 3.1335 seconds. Avg 2.1779, time remaining 58.8033]
[2025-11-12 22:58:27,910] [app_imports.py:102 - printnlog()] [get_tlib_tadata : PCJEWELLER.NSE, EOD_LOCAL, df : None, mainrun: True]
[2025-11-12 22:58:27,911] [app_imports.py:102 - printnlog()] [End Processing OBEROIRLTY.NSE - time taken 2.3772 seconds. Avg 2.1806, time remaining 56.6956]
[2025-11-12 22:58:28,786] [app_imports.py:102 - printnlog()] [get_tlib_tadata : PFC.NSE, EOD_LOCAL, df : None, mainrun: True]
[2025-11-12 22:58:28,786] [app_imports.py:102 - printnlog()] [End Processing OFSS.NSE - time taken 2.6917 seconds. Avg 2.1874, time remaining 54.685]
[2025-11-12 22:58:29,793] [app_imports.py:102 - printnlog()] [get_tlib_tadata : PFIZER.NSE, EOD_LOCAL, df : None, mainrun: True]
[2025-11-12 22:58:29,793] [app_imports.py:102 - printnlog()] [End Processing OSWALAGRO.NSE - time taken 2.3275 seconds. Avg 2.1893, time remaining 52.5432]
[2025-11-12 22:58:30,250] [app_imports.py:102 - printnlog()] [get_tlib_tadata : PGHL.NSE, EOD_LOCAL, df : None, mainrun: True]
[2025-11-12 22:58:30,251] [app_imports.py:102 - printnlog()] [End Processing PCJEWELLER.NSE - time taken 2.3399 seconds. Avg 2.1912, time remaining 50.3976]
[2025-11-12 22:58:31,075] [app_imports.py:102 - printnlog()] [get_tlib_tadata : POWERMECH.NSE, EOD_LOCAL, df : None, mainrun: True]
[2025-11-12 22:58:31,076] [app_imports.py:102 - printnlog()] [End Processing PFC.NSE - time taken 2.2893 seconds. Avg 2.1925, time remaining 48.235]
[2025-11-12 22:58:31,312] [app_imports.py:102 - printnlog()] [get_tlib_tadata : RPGLIFE.NSE, EOD_LOCAL, df : None, mainrun: True]
[2025-11-12 22:58:31,313] [app_imports.py:102 - printnlog()] [End Processing ORBTEXP.NSE - time taken 4.0493 seconds. Avg 2.216, time remaining 46.536]
[2025-11-12 22:58:32,093] [app_imports.py:102 - printnlog()] [get_tlib_tadata : SANDUMA.NSE, EOD_LOCAL, df : None, mainrun: True]
[2025-11-12 22:58:32,094] [app_imports.py:102 - printnlog()] [End Processing PFIZER.NSE - time taken 2.3001 seconds. Avg 2.217, time remaining 44.34]
[2025-11-12 22:58:32,489] [app_imports.py:102 - printnlog()] [get_tlib_tadata : SANGHVIMOV.NSE, EOD_LOCAL, df : None, mainrun: True]
[2025-11-12 22:58:32,490] [app_imports.py:102 - printnlog()] [End Processing PGHL.NSE - time taken 2.2386 seconds. Avg 2.2173, time remaining 42.1287]
[2025-11-12 22:58:33,415] [app_imports.py:102 - printnlog()] [get_tlib_tadata : SHREERAMA.NSE, EOD_LOCAL, df : None, mainrun: True]
[2025-11-12 22:58:33,415] [app_imports.py:102 - printnlog()] [End Processing POWERMECH.NSE - time taken 2.3389 seconds. Avg 2.2188, time remaining 39.9384]
[2025-11-12 22:58:33,592] [app_imports.py:102 - printnlog()] [get_tlib_tadata : SHRIPISTON.NSE, EOD_LOCAL, df : None, mainrun: True]
[2025-11-12 22:58:33,593] [app_imports.py:102 - printnlog()] [End Processing RPGLIFE.NSE - time taken 2.28 seconds. Avg 2.2195, time remaining 37.7315]
[2025-11-12 22:58:34,337] [app_imports.py:102 - printnlog()] [get_tlib_tadata : SKYGOLD.NSE, EOD_LOCAL, df : None, mainrun: True]
[2025-11-12 22:58:34,338] [app_imports.py:102 - printnlog()] [End Processing SANDUMA.NSE - time taken 2.2431 seconds. Avg 2.2198, time remaining 35.5168]
[2025-11-12 22:58:34,807] [app_imports.py:102 - printnlog()] [get_tlib_tadata : SOMATEX.NSE, EOD_LOCAL, df : None, mainrun: True]
[2025-11-12 22:58:34,807] [app_imports.py:102 - printnlog()] [End Processing SANGHVIMOV.NSE - time taken 2.3175 seconds. Avg 2.2209, time remaining 33.3135]
[2025-11-12 22:58:35,984] [app_imports.py:102 - printnlog()] [get_tlib_tadata : SPAL.NSE, EOD_LOCAL, df : None, mainrun: True]
[2025-11-12 22:58:35,985] [app_imports.py:102 - printnlog()] [End Processing SHRIPISTON.NSE - time taken 2.3911 seconds. Avg 2.2229, time remaining 31.1206]
[2025-11-12 22:58:36,264] [app_imports.py:102 - printnlog()] [get_tlib_tadata : STEELCAS.NSE, EOD_LOCAL, df : None, mainrun: True]
[2025-11-12 22:58:36,264] [app_imports.py:102 - printnlog()] [End Processing SHREERAMA.NSE - time taken 2.8489 seconds. Avg 2.2301, time remaining 28.9913]
[2025-11-12 22:58:36,722] [app_imports.py:102 - printnlog()] [get_tlib_tadata : STYLAMIND.NSE, EOD_LOCAL, df : None, mainrun: True]
[2025-11-12 22:58:36,723] [app_imports.py:102 - printnlog()] [End Processing SKYGOLD.NSE - time taken 2.3852 seconds. Avg 2.2319, time remaining 26.7828]
[2025-11-12 22:58:37,056] [app_imports.py:102 - printnlog()] [get_tlib_tadata : SUNTV.NSE, EOD_LOCAL, df : None, mainrun: True]
[2025-11-12 22:58:37,057] [app_imports.py:102 - printnlog()] [End Processing SOMATEX.NSE - time taken 2.249 seconds. Avg 2.2321, time remaining 24.5531]
[2025-11-12 22:58:38,281] [app_imports.py:102 - printnlog()] [get_tlib_tadata : TEMBO.NSE, EOD_LOCAL, df : None, mainrun: True]
[2025-11-12 22:58:38,281] [app_imports.py:102 - printnlog()] [End Processing SPAL.NSE - time taken 2.2965 seconds. Avg 2.2328, time remaining 22.328]
[2025-11-12 22:58:38,529] [app_imports.py:102 - printnlog()] [get_tlib_tadata : TIPSMUSIC.NSE, EOD_LOCAL, df : None, mainrun: True]
[2025-11-12 22:58:38,529] [app_imports.py:102 - printnlog()] [End Processing STEELCAS.NSE - time taken 2.2645 seconds. Avg 2.2331, time remaining 20.0979]
[2025-11-12 22:58:39,017] [app_imports.py:102 - printnlog()] [get_tlib_tadata : TOUCHWOOD.NSE, EOD_LOCAL, df : None, mainrun: True]
[2025-11-12 22:58:39,017] [app_imports.py:102 - printnlog()] [End Processing STYLAMIND.NSE - time taken 2.2942 seconds. Avg 2.2338, time remaining 17.8704]
[2025-11-12 22:58:39,334] [app_imports.py:102 - printnlog()] [get_tlib_tadata : VEDL.NSE, EOD_LOCAL, df : None, mainrun: True]
[2025-11-12 22:58:39,335] [app_imports.py:102 - printnlog()] [End Processing SUNTV.NSE - time taken 2.2776 seconds. Avg 2.2343, time remaining 15.6401]
[2025-11-12 22:58:40,623] [app_imports.py:102 - printnlog()] [get_tlib_tadata : VOLTAMP.NSE, EOD_LOCAL, df : None, mainrun: True]
[2025-11-12 22:58:40,623] [app_imports.py:102 - printnlog()] [End Processing TIPSMUSIC.NSE - time taken 2.0936 seconds. Avg 2.2328, time remaining 13.3968]
[2025-11-12 22:58:41,112] [app_imports.py:102 - printnlog()] [get_tlib_tadata : WEBELSOLAR.NSE, EOD_LOCAL, df : None, mainrun: True]
[2025-11-12 22:58:41,113] [app_imports.py:102 - printnlog()] [End Processing TEMBO.NSE - time taken 2.8312 seconds. Avg 2.2391, time remaining 11.1955]
[2025-11-12 22:58:41,613] [app_imports.py:102 - printnlog()] [get_tlib_tadata : WELCORP.NSE, EOD_LOCAL, df : None, mainrun: True]
[2025-11-12 22:58:41,614] [app_imports.py:102 - printnlog()] [End Processing VEDL.NSE - time taken 2.2789 seconds. Avg 2.2395, time remaining 8.958]
[2025-11-12 22:58:41,869] [app_imports.py:102 - printnlog()] [End Processing TOUCHWOOD.NSE - time taken 2.8508 seconds. Avg 2.2458, time remaining 6.7374]
[2025-11-12 22:58:42,935] [app_imports.py:102 - printnlog()] [End Processing VOLTAMP.NSE - time taken 2.311 seconds. Avg 2.2465, time remaining 4.493]
[2025-11-12 22:58:43,911] [app_imports.py:102 - printnlog()] [End Processing WELCORP.NSE - time taken 2.2967 seconds. Avg 2.247, time remaining 2.247]
[2025-11-12 22:58:44,591] [app_imports.py:102 - printnlog()] [End Processing WEBELSOLAR.NSE - time taken 3.4784 seconds. Avg 2.2593, time remaining 0.0]
[2025-11-12 22:58:44,808] [ta_signals_mc_parallel.py:1059 - main()] [Inserted 99 rows into eod_tas_listings_temp]
[2025-11-12 22:58:44,882] [ta_signals_mc_parallel.py:1082 - main()] [Deleted 499 rows from eod_tas_listings]
[2025-11-12 22:58:45,037] [ta_signals_mc_parallel.py:1116 - main()] [99 rows inserted into eod_tas_listings]
